[2022-01-29 17:43:07,286] {taskinstance.py:1032} INFO - Dependencies all met for <TaskInstance: data_ingestion_gcs_dag.download_dataset_task scheduled__2022-01-28T00:00:00+00:00 [queued]>
[2022-01-29 17:43:07,292] {taskinstance.py:1032} INFO - Dependencies all met for <TaskInstance: data_ingestion_gcs_dag.download_dataset_task scheduled__2022-01-28T00:00:00+00:00 [queued]>
[2022-01-29 17:43:07,292] {taskinstance.py:1238} INFO - 
--------------------------------------------------------------------------------
[2022-01-29 17:43:07,292] {taskinstance.py:1239} INFO - Starting attempt 1 of 2
[2022-01-29 17:43:07,292] {taskinstance.py:1240} INFO - 
--------------------------------------------------------------------------------
[2022-01-29 17:43:07,300] {taskinstance.py:1259} INFO - Executing <Task(BashOperator): download_dataset_task> on 2022-01-28 00:00:00+00:00
[2022-01-29 17:43:07,303] {standard_task_runner.py:52} INFO - Started process 2797 to run task
[2022-01-29 17:43:07,306] {standard_task_runner.py:76} INFO - Running: ['***', 'tasks', 'run', 'data_ingestion_gcs_dag', 'download_dataset_task', 'scheduled__2022-01-28T00:00:00+00:00', '--job-id', '7', '--raw', '--subdir', 'DAGS_FOLDER/data_ingestioon_gcs_dag.py', '--cfg-path', '/tmp/tmpql3y_g8y', '--error-file', '/tmp/tmpzunr5pua']
[2022-01-29 17:43:07,306] {standard_task_runner.py:77} INFO - Job 7: Subtask download_dataset_task
[2022-01-29 17:43:07,332] {logging_mixin.py:109} INFO - Running <TaskInstance: data_ingestion_gcs_dag.download_dataset_task scheduled__2022-01-28T00:00:00+00:00 [running]> on host b7246ecc46cf
[2022-01-29 17:43:07,359] {taskinstance.py:1426} INFO - Exporting the following env vars:
AIRFLOW_CTX_DAG_OWNER=***
AIRFLOW_CTX_DAG_ID=data_ingestion_gcs_dag
AIRFLOW_CTX_TASK_ID=download_dataset_task
AIRFLOW_CTX_EXECUTION_DATE=2022-01-28T00:00:00+00:00
AIRFLOW_CTX_DAG_RUN_ID=scheduled__2022-01-28T00:00:00+00:00
[2022-01-29 17:43:07,360] {subprocess.py:62} INFO - Tmp dir root location: 
 /tmp
[2022-01-29 17:43:07,361] {subprocess.py:74} INFO - Running command: ['bash', '-c', 'curl -sS https://s3.amazonaws.com/nyc-tlc/trip+data/yellow_tripdata_2021-01.csv > /opt/***/yellow_tripdata_2021-01.csv']
[2022-01-29 17:43:07,368] {subprocess.py:85} INFO - Output:
[2022-01-29 17:44:41,362] {subprocess.py:93} INFO - Command exited with return code 0
[2022-01-29 17:44:41,376] {taskinstance.py:1277} INFO - Marking task as SUCCESS. dag_id=data_ingestion_gcs_dag, task_id=download_dataset_task, execution_date=20220128T000000, start_date=20220129T174307, end_date=20220129T174441
[2022-01-29 17:44:41,404] {local_task_job.py:154} INFO - Task exited with return code 0
[2022-01-29 17:44:41,421] {local_task_job.py:264} INFO - 1 downstream tasks scheduled from follow-on schedule check
