[2022-01-29 17:44:43,191] {taskinstance.py:1032} INFO - Dependencies all met for <TaskInstance: data_ingestion_gcs_dag.local_to_gcs_task scheduled__2022-01-28T00:00:00+00:00 [queued]>
[2022-01-29 17:44:43,195] {taskinstance.py:1032} INFO - Dependencies all met for <TaskInstance: data_ingestion_gcs_dag.local_to_gcs_task scheduled__2022-01-28T00:00:00+00:00 [queued]>
[2022-01-29 17:44:43,195] {taskinstance.py:1238} INFO - 
--------------------------------------------------------------------------------
[2022-01-29 17:44:43,196] {taskinstance.py:1239} INFO - Starting attempt 1 of 2
[2022-01-29 17:44:43,196] {taskinstance.py:1240} INFO - 
--------------------------------------------------------------------------------
[2022-01-29 17:44:43,201] {taskinstance.py:1259} INFO - Executing <Task(PythonOperator): local_to_gcs_task> on 2022-01-28 00:00:00+00:00
[2022-01-29 17:44:43,204] {standard_task_runner.py:52} INFO - Started process 2895 to run task
[2022-01-29 17:44:43,206] {standard_task_runner.py:76} INFO - Running: ['***', 'tasks', 'run', 'data_ingestion_gcs_dag', 'local_to_gcs_task', 'scheduled__2022-01-28T00:00:00+00:00', '--job-id', '9', '--raw', '--subdir', 'DAGS_FOLDER/data_ingestioon_gcs_dag.py', '--cfg-path', '/tmp/tmp8srhwmjw', '--error-file', '/tmp/tmp21_6s9x9']
[2022-01-29 17:44:43,206] {standard_task_runner.py:77} INFO - Job 9: Subtask local_to_gcs_task
[2022-01-29 17:44:43,228] {logging_mixin.py:109} INFO - Running <TaskInstance: data_ingestion_gcs_dag.local_to_gcs_task scheduled__2022-01-28T00:00:00+00:00 [running]> on host b7246ecc46cf
[2022-01-29 17:44:43,250] {taskinstance.py:1426} INFO - Exporting the following env vars:
AIRFLOW_CTX_DAG_OWNER=***
AIRFLOW_CTX_DAG_ID=data_ingestion_gcs_dag
AIRFLOW_CTX_TASK_ID=local_to_gcs_task
AIRFLOW_CTX_EXECUTION_DATE=2022-01-28T00:00:00+00:00
AIRFLOW_CTX_DAG_RUN_ID=scheduled__2022-01-28T00:00:00+00:00
[2022-01-29 17:44:56,695] {python.py:175} INFO - Done. Returned value was: None
[2022-01-29 17:44:56,700] {taskinstance.py:1277} INFO - Marking task as SUCCESS. dag_id=data_ingestion_gcs_dag, task_id=local_to_gcs_task, execution_date=20220128T000000, start_date=20220129T174443, end_date=20220129T174456
[2022-01-29 17:44:56,729] {local_task_job.py:154} INFO - Task exited with return code 0
[2022-01-29 17:44:56,743] {local_task_job.py:264} INFO - 1 downstream tasks scheduled from follow-on schedule check
