[2022-01-29 17:17:29,267] {processor.py:163} INFO - Started process (PID=1536) to work on /opt/airflow/dags/data_ingestioon_gcs_dag.py
[2022-01-29 17:17:29,270] {processor.py:642} INFO - Processing file /opt/airflow/dags/data_ingestioon_gcs_dag.py for tasks to queue
[2022-01-29 17:17:29,273] {logging_mixin.py:109} INFO - [2022-01-29 17:17:29,272] {dagbag.py:500} INFO - Filling up the DagBag from /opt/airflow/dags/data_ingestioon_gcs_dag.py
[2022-01-29 17:17:31,055] {processor.py:654} INFO - DAG(s) dict_keys(['data_ingestion_gcs_dag']) retrieved from /opt/airflow/dags/data_ingestioon_gcs_dag.py
[2022-01-29 17:17:33,332] {logging_mixin.py:109} INFO - [2022-01-29 17:17:33,332] {manager.py:496} INFO - Created Permission View: can read on DAG:data_ingestion_gcs_dag
[2022-01-29 17:17:33,337] {logging_mixin.py:109} INFO - [2022-01-29 17:17:33,337] {manager.py:496} INFO - Created Permission View: can edit on DAG:data_ingestion_gcs_dag
[2022-01-29 17:17:33,337] {logging_mixin.py:109} INFO - [2022-01-29 17:17:33,337] {dag.py:2396} INFO - Sync 1 DAGs
[2022-01-29 17:17:33,342] {logging_mixin.py:109} INFO - [2022-01-29 17:17:33,342] {dag.py:2415} INFO - Creating ORM DAG for data_ingestion_gcs_dag
[2022-01-29 17:17:33,347] {logging_mixin.py:109} INFO - [2022-01-29 17:17:33,347] {dag.py:2935} INFO - Setting next_dagrun for data_ingestion_gcs_dag to 2022-01-28 00:00:00+00:00
[2022-01-29 17:17:33,357] {processor.py:171} INFO - Processing /opt/airflow/dags/data_ingestioon_gcs_dag.py took 4.097 seconds
[2022-01-29 17:17:41,274] {processor.py:163} INFO - Started process (PID=1559) to work on /opt/airflow/dags/data_ingestioon_gcs_dag.py
[2022-01-29 17:17:41,274] {processor.py:642} INFO - Processing file /opt/airflow/dags/data_ingestioon_gcs_dag.py for tasks to queue
[2022-01-29 17:17:41,275] {logging_mixin.py:109} INFO - [2022-01-29 17:17:41,275] {dagbag.py:500} INFO - Filling up the DagBag from /opt/airflow/dags/data_ingestioon_gcs_dag.py
[2022-01-29 17:17:41,669] {processor.py:654} INFO - DAG(s) dict_keys(['data_ingestion_gcs_dag']) retrieved from /opt/airflow/dags/data_ingestioon_gcs_dag.py
[2022-01-29 17:17:41,671] {logging_mixin.py:109} INFO - [2022-01-29 17:17:41,671] {dag.py:2396} INFO - Sync 1 DAGs
[2022-01-29 17:17:41,679] {logging_mixin.py:109} INFO - [2022-01-29 17:17:41,679] {dag.py:2935} INFO - Setting next_dagrun for data_ingestion_gcs_dag to 2022-01-28 00:00:00+00:00
[2022-01-29 17:17:41,687] {processor.py:171} INFO - Processing /opt/airflow/dags/data_ingestioon_gcs_dag.py took 0.414 seconds
[2022-01-29 17:18:09,805] {processor.py:163} INFO - Started process (PID=1602) to work on /opt/airflow/dags/data_ingestioon_gcs_dag.py
[2022-01-29 17:18:09,805] {processor.py:642} INFO - Processing file /opt/airflow/dags/data_ingestioon_gcs_dag.py for tasks to queue
[2022-01-29 17:18:09,806] {logging_mixin.py:109} INFO - [2022-01-29 17:18:09,806] {dagbag.py:500} INFO - Filling up the DagBag from /opt/airflow/dags/data_ingestioon_gcs_dag.py
[2022-01-29 17:18:10,206] {processor.py:654} INFO - DAG(s) dict_keys(['data_ingestion_gcs_dag']) retrieved from /opt/airflow/dags/data_ingestioon_gcs_dag.py
[2022-01-29 17:18:10,211] {logging_mixin.py:109} INFO - [2022-01-29 17:18:10,211] {dag.py:2396} INFO - Sync 1 DAGs
[2022-01-29 17:18:10,220] {logging_mixin.py:109} INFO - [2022-01-29 17:18:10,220] {dag.py:2935} INFO - Setting next_dagrun for data_ingestion_gcs_dag to 2022-01-28 00:00:00+00:00
[2022-01-29 17:18:10,228] {processor.py:171} INFO - Processing /opt/airflow/dags/data_ingestioon_gcs_dag.py took 0.425 seconds
[2022-01-29 17:18:40,297] {processor.py:163} INFO - Started process (PID=1643) to work on /opt/airflow/dags/data_ingestioon_gcs_dag.py
[2022-01-29 17:18:40,298] {processor.py:642} INFO - Processing file /opt/airflow/dags/data_ingestioon_gcs_dag.py for tasks to queue
[2022-01-29 17:18:40,298] {logging_mixin.py:109} INFO - [2022-01-29 17:18:40,298] {dagbag.py:500} INFO - Filling up the DagBag from /opt/airflow/dags/data_ingestioon_gcs_dag.py
[2022-01-29 17:18:40,758] {processor.py:654} INFO - DAG(s) dict_keys(['data_ingestion_gcs_dag']) retrieved from /opt/airflow/dags/data_ingestioon_gcs_dag.py
[2022-01-29 17:18:40,763] {logging_mixin.py:109} INFO - [2022-01-29 17:18:40,763] {dag.py:2396} INFO - Sync 1 DAGs
[2022-01-29 17:18:40,770] {logging_mixin.py:109} INFO - [2022-01-29 17:18:40,770] {dag.py:2935} INFO - Setting next_dagrun for data_ingestion_gcs_dag to 2022-01-28 00:00:00+00:00
[2022-01-29 17:18:40,887] {processor.py:171} INFO - Processing /opt/airflow/dags/data_ingestioon_gcs_dag.py took 0.591 seconds
[2022-01-29 17:19:10,968] {processor.py:163} INFO - Started process (PID=1675) to work on /opt/airflow/dags/data_ingestioon_gcs_dag.py
[2022-01-29 17:19:10,968] {processor.py:642} INFO - Processing file /opt/airflow/dags/data_ingestioon_gcs_dag.py for tasks to queue
[2022-01-29 17:19:10,969] {logging_mixin.py:109} INFO - [2022-01-29 17:19:10,969] {dagbag.py:500} INFO - Filling up the DagBag from /opt/airflow/dags/data_ingestioon_gcs_dag.py
[2022-01-29 17:19:11,342] {processor.py:654} INFO - DAG(s) dict_keys(['data_ingestion_gcs_dag']) retrieved from /opt/airflow/dags/data_ingestioon_gcs_dag.py
[2022-01-29 17:19:11,346] {logging_mixin.py:109} INFO - [2022-01-29 17:19:11,346] {dag.py:2396} INFO - Sync 1 DAGs
[2022-01-29 17:19:11,354] {logging_mixin.py:109} INFO - [2022-01-29 17:19:11,354] {dag.py:2935} INFO - Setting next_dagrun for data_ingestion_gcs_dag to 2022-01-28 00:00:00+00:00
[2022-01-29 17:19:11,360] {processor.py:171} INFO - Processing /opt/airflow/dags/data_ingestioon_gcs_dag.py took 0.393 seconds
[2022-01-29 17:19:41,430] {processor.py:163} INFO - Started process (PID=1716) to work on /opt/airflow/dags/data_ingestioon_gcs_dag.py
[2022-01-29 17:19:41,430] {processor.py:642} INFO - Processing file /opt/airflow/dags/data_ingestioon_gcs_dag.py for tasks to queue
[2022-01-29 17:19:41,431] {logging_mixin.py:109} INFO - [2022-01-29 17:19:41,431] {dagbag.py:500} INFO - Filling up the DagBag from /opt/airflow/dags/data_ingestioon_gcs_dag.py
[2022-01-29 17:19:41,830] {processor.py:654} INFO - DAG(s) dict_keys(['data_ingestion_gcs_dag']) retrieved from /opt/airflow/dags/data_ingestioon_gcs_dag.py
[2022-01-29 17:19:41,835] {logging_mixin.py:109} INFO - [2022-01-29 17:19:41,835] {dag.py:2396} INFO - Sync 1 DAGs
[2022-01-29 17:19:41,843] {logging_mixin.py:109} INFO - [2022-01-29 17:19:41,843] {dag.py:2935} INFO - Setting next_dagrun for data_ingestion_gcs_dag to 2022-01-28 00:00:00+00:00
[2022-01-29 17:19:41,849] {processor.py:171} INFO - Processing /opt/airflow/dags/data_ingestioon_gcs_dag.py took 0.421 seconds
[2022-01-29 17:19:50,877] {processor.py:163} INFO - Started process (PID=1738) to work on /opt/airflow/dags/data_ingestioon_gcs_dag.py
[2022-01-29 17:19:50,878] {processor.py:642} INFO - Processing file /opt/airflow/dags/data_ingestioon_gcs_dag.py for tasks to queue
[2022-01-29 17:19:50,878] {logging_mixin.py:109} INFO - [2022-01-29 17:19:50,878] {dagbag.py:500} INFO - Filling up the DagBag from /opt/airflow/dags/data_ingestioon_gcs_dag.py
[2022-01-29 17:19:51,258] {processor.py:654} INFO - DAG(s) dict_keys(['data_ingestion_gcs_dag']) retrieved from /opt/airflow/dags/data_ingestioon_gcs_dag.py
[2022-01-29 17:19:51,263] {logging_mixin.py:109} INFO - [2022-01-29 17:19:51,262] {dag.py:2396} INFO - Sync 1 DAGs
[2022-01-29 17:19:51,271] {logging_mixin.py:109} INFO - [2022-01-29 17:19:51,271] {dag.py:2935} INFO - Setting next_dagrun for data_ingestion_gcs_dag to 2022-01-28 00:00:00+00:00
[2022-01-29 17:19:51,280] {processor.py:171} INFO - Processing /opt/airflow/dags/data_ingestioon_gcs_dag.py took 0.404 seconds
[2022-01-29 17:20:21,346] {processor.py:163} INFO - Started process (PID=1781) to work on /opt/airflow/dags/data_ingestioon_gcs_dag.py
[2022-01-29 17:20:21,346] {processor.py:642} INFO - Processing file /opt/airflow/dags/data_ingestioon_gcs_dag.py for tasks to queue
[2022-01-29 17:20:21,347] {logging_mixin.py:109} INFO - [2022-01-29 17:20:21,347] {dagbag.py:500} INFO - Filling up the DagBag from /opt/airflow/dags/data_ingestioon_gcs_dag.py
[2022-01-29 17:20:21,695] {processor.py:654} INFO - DAG(s) dict_keys(['data_ingestion_gcs_dag']) retrieved from /opt/airflow/dags/data_ingestioon_gcs_dag.py
[2022-01-29 17:20:21,699] {logging_mixin.py:109} INFO - [2022-01-29 17:20:21,699] {dag.py:2396} INFO - Sync 1 DAGs
[2022-01-29 17:20:21,707] {logging_mixin.py:109} INFO - [2022-01-29 17:20:21,707] {dag.py:2935} INFO - Setting next_dagrun for data_ingestion_gcs_dag to 2022-01-28 00:00:00+00:00
[2022-01-29 17:20:21,714] {processor.py:171} INFO - Processing /opt/airflow/dags/data_ingestioon_gcs_dag.py took 0.369 seconds
[2022-01-29 17:20:51,781] {processor.py:163} INFO - Started process (PID=1813) to work on /opt/airflow/dags/data_ingestioon_gcs_dag.py
[2022-01-29 17:20:51,782] {processor.py:642} INFO - Processing file /opt/airflow/dags/data_ingestioon_gcs_dag.py for tasks to queue
[2022-01-29 17:20:51,782] {logging_mixin.py:109} INFO - [2022-01-29 17:20:51,782] {dagbag.py:500} INFO - Filling up the DagBag from /opt/airflow/dags/data_ingestioon_gcs_dag.py
[2022-01-29 17:20:52,211] {processor.py:654} INFO - DAG(s) dict_keys(['data_ingestion_gcs_dag']) retrieved from /opt/airflow/dags/data_ingestioon_gcs_dag.py
[2022-01-29 17:20:52,216] {logging_mixin.py:109} INFO - [2022-01-29 17:20:52,216] {dag.py:2396} INFO - Sync 1 DAGs
[2022-01-29 17:20:52,225] {logging_mixin.py:109} INFO - [2022-01-29 17:20:52,225] {dag.py:2935} INFO - Setting next_dagrun for data_ingestion_gcs_dag to 2022-01-28 00:00:00+00:00
[2022-01-29 17:20:52,231] {processor.py:171} INFO - Processing /opt/airflow/dags/data_ingestioon_gcs_dag.py took 0.451 seconds
[2022-01-29 17:21:22,301] {processor.py:163} INFO - Started process (PID=1853) to work on /opt/airflow/dags/data_ingestioon_gcs_dag.py
[2022-01-29 17:21:22,302] {processor.py:642} INFO - Processing file /opt/airflow/dags/data_ingestioon_gcs_dag.py for tasks to queue
[2022-01-29 17:21:22,302] {logging_mixin.py:109} INFO - [2022-01-29 17:21:22,302] {dagbag.py:500} INFO - Filling up the DagBag from /opt/airflow/dags/data_ingestioon_gcs_dag.py
[2022-01-29 17:21:22,749] {processor.py:654} INFO - DAG(s) dict_keys(['data_ingestion_gcs_dag']) retrieved from /opt/airflow/dags/data_ingestioon_gcs_dag.py
[2022-01-29 17:21:22,755] {logging_mixin.py:109} INFO - [2022-01-29 17:21:22,755] {dag.py:2396} INFO - Sync 1 DAGs
[2022-01-29 17:21:22,764] {logging_mixin.py:109} INFO - [2022-01-29 17:21:22,764] {dag.py:2935} INFO - Setting next_dagrun for data_ingestion_gcs_dag to 2022-01-28 00:00:00+00:00
[2022-01-29 17:21:22,771] {processor.py:171} INFO - Processing /opt/airflow/dags/data_ingestioon_gcs_dag.py took 0.471 seconds
[2022-01-29 17:21:52,837] {processor.py:163} INFO - Started process (PID=1894) to work on /opt/airflow/dags/data_ingestioon_gcs_dag.py
[2022-01-29 17:21:52,838] {processor.py:642} INFO - Processing file /opt/airflow/dags/data_ingestioon_gcs_dag.py for tasks to queue
[2022-01-29 17:21:52,838] {logging_mixin.py:109} INFO - [2022-01-29 17:21:52,838] {dagbag.py:500} INFO - Filling up the DagBag from /opt/airflow/dags/data_ingestioon_gcs_dag.py
[2022-01-29 17:21:53,188] {processor.py:654} INFO - DAG(s) dict_keys(['data_ingestion_gcs_dag']) retrieved from /opt/airflow/dags/data_ingestioon_gcs_dag.py
[2022-01-29 17:21:53,193] {logging_mixin.py:109} INFO - [2022-01-29 17:21:53,193] {dag.py:2396} INFO - Sync 1 DAGs
[2022-01-29 17:21:53,200] {logging_mixin.py:109} INFO - [2022-01-29 17:21:53,200] {dag.py:2935} INFO - Setting next_dagrun for data_ingestion_gcs_dag to 2022-01-28 00:00:00+00:00
[2022-01-29 17:21:53,205] {processor.py:171} INFO - Processing /opt/airflow/dags/data_ingestioon_gcs_dag.py took 0.370 seconds
[2022-01-29 17:22:23,272] {processor.py:163} INFO - Started process (PID=1926) to work on /opt/airflow/dags/data_ingestioon_gcs_dag.py
[2022-01-29 17:22:23,273] {processor.py:642} INFO - Processing file /opt/airflow/dags/data_ingestioon_gcs_dag.py for tasks to queue
[2022-01-29 17:22:23,273] {logging_mixin.py:109} INFO - [2022-01-29 17:22:23,273] {dagbag.py:500} INFO - Filling up the DagBag from /opt/airflow/dags/data_ingestioon_gcs_dag.py
[2022-01-29 17:22:23,649] {processor.py:654} INFO - DAG(s) dict_keys(['data_ingestion_gcs_dag']) retrieved from /opt/airflow/dags/data_ingestioon_gcs_dag.py
[2022-01-29 17:22:23,654] {logging_mixin.py:109} INFO - [2022-01-29 17:22:23,654] {dag.py:2396} INFO - Sync 1 DAGs
[2022-01-29 17:22:23,661] {logging_mixin.py:109} INFO - [2022-01-29 17:22:23,661] {dag.py:2935} INFO - Setting next_dagrun for data_ingestion_gcs_dag to 2022-01-28 00:00:00+00:00
[2022-01-29 17:22:23,667] {processor.py:171} INFO - Processing /opt/airflow/dags/data_ingestioon_gcs_dag.py took 0.396 seconds
[2022-01-29 17:22:53,736] {processor.py:163} INFO - Started process (PID=1969) to work on /opt/airflow/dags/data_ingestioon_gcs_dag.py
[2022-01-29 17:22:53,737] {processor.py:642} INFO - Processing file /opt/airflow/dags/data_ingestioon_gcs_dag.py for tasks to queue
[2022-01-29 17:22:53,737] {logging_mixin.py:109} INFO - [2022-01-29 17:22:53,737] {dagbag.py:500} INFO - Filling up the DagBag from /opt/airflow/dags/data_ingestioon_gcs_dag.py
[2022-01-29 17:22:54,110] {processor.py:654} INFO - DAG(s) dict_keys(['data_ingestion_gcs_dag']) retrieved from /opt/airflow/dags/data_ingestioon_gcs_dag.py
[2022-01-29 17:22:54,116] {logging_mixin.py:109} INFO - [2022-01-29 17:22:54,115] {dag.py:2396} INFO - Sync 1 DAGs
[2022-01-29 17:22:54,123] {logging_mixin.py:109} INFO - [2022-01-29 17:22:54,123] {dag.py:2935} INFO - Setting next_dagrun for data_ingestion_gcs_dag to 2022-01-28 00:00:00+00:00
[2022-01-29 17:22:54,130] {processor.py:171} INFO - Processing /opt/airflow/dags/data_ingestioon_gcs_dag.py took 0.395 seconds
[2022-01-29 17:23:06,165] {processor.py:163} INFO - Started process (PID=1991) to work on /opt/airflow/dags/data_ingestioon_gcs_dag.py
[2022-01-29 17:23:06,166] {processor.py:642} INFO - Processing file /opt/airflow/dags/data_ingestioon_gcs_dag.py for tasks to queue
[2022-01-29 17:23:06,166] {logging_mixin.py:109} INFO - [2022-01-29 17:23:06,166] {dagbag.py:500} INFO - Filling up the DagBag from /opt/airflow/dags/data_ingestioon_gcs_dag.py
[2022-01-29 17:23:06,516] {processor.py:654} INFO - DAG(s) dict_keys(['data_ingestion_gcs_dag']) retrieved from /opt/airflow/dags/data_ingestioon_gcs_dag.py
[2022-01-29 17:23:06,521] {logging_mixin.py:109} INFO - [2022-01-29 17:23:06,520] {dag.py:2396} INFO - Sync 1 DAGs
[2022-01-29 17:23:06,528] {logging_mixin.py:109} INFO - [2022-01-29 17:23:06,528] {dag.py:2935} INFO - Setting next_dagrun for data_ingestion_gcs_dag to 2022-01-28 00:00:00+00:00
[2022-01-29 17:23:06,535] {processor.py:171} INFO - Processing /opt/airflow/dags/data_ingestioon_gcs_dag.py took 0.371 seconds
[2022-01-29 17:23:36,604] {processor.py:163} INFO - Started process (PID=2034) to work on /opt/airflow/dags/data_ingestioon_gcs_dag.py
[2022-01-29 17:23:36,605] {processor.py:642} INFO - Processing file /opt/airflow/dags/data_ingestioon_gcs_dag.py for tasks to queue
[2022-01-29 17:23:36,605] {logging_mixin.py:109} INFO - [2022-01-29 17:23:36,605] {dagbag.py:500} INFO - Filling up the DagBag from /opt/airflow/dags/data_ingestioon_gcs_dag.py
[2022-01-29 17:23:36,953] {processor.py:654} INFO - DAG(s) dict_keys(['data_ingestion_gcs_dag']) retrieved from /opt/airflow/dags/data_ingestioon_gcs_dag.py
[2022-01-29 17:23:36,957] {logging_mixin.py:109} INFO - [2022-01-29 17:23:36,957] {dag.py:2396} INFO - Sync 1 DAGs
[2022-01-29 17:23:36,964] {logging_mixin.py:109} INFO - [2022-01-29 17:23:36,964] {dag.py:2935} INFO - Setting next_dagrun for data_ingestion_gcs_dag to 2022-01-28 00:00:00+00:00
[2022-01-29 17:23:36,969] {processor.py:171} INFO - Processing /opt/airflow/dags/data_ingestioon_gcs_dag.py took 0.366 seconds
[2022-01-29 17:24:07,037] {processor.py:163} INFO - Started process (PID=2075) to work on /opt/airflow/dags/data_ingestioon_gcs_dag.py
[2022-01-29 17:24:07,038] {processor.py:642} INFO - Processing file /opt/airflow/dags/data_ingestioon_gcs_dag.py for tasks to queue
[2022-01-29 17:24:07,038] {logging_mixin.py:109} INFO - [2022-01-29 17:24:07,038] {dagbag.py:500} INFO - Filling up the DagBag from /opt/airflow/dags/data_ingestioon_gcs_dag.py
[2022-01-29 17:24:07,388] {processor.py:654} INFO - DAG(s) dict_keys(['data_ingestion_gcs_dag']) retrieved from /opt/airflow/dags/data_ingestioon_gcs_dag.py
[2022-01-29 17:24:07,392] {logging_mixin.py:109} INFO - [2022-01-29 17:24:07,392] {dag.py:2396} INFO - Sync 1 DAGs
[2022-01-29 17:24:07,400] {logging_mixin.py:109} INFO - [2022-01-29 17:24:07,400] {dag.py:2935} INFO - Setting next_dagrun for data_ingestion_gcs_dag to 2022-01-28 00:00:00+00:00
[2022-01-29 17:24:07,405] {processor.py:171} INFO - Processing /opt/airflow/dags/data_ingestioon_gcs_dag.py took 0.369 seconds
[2022-01-29 17:24:37,470] {processor.py:163} INFO - Started process (PID=2106) to work on /opt/airflow/dags/data_ingestioon_gcs_dag.py
[2022-01-29 17:24:37,471] {processor.py:642} INFO - Processing file /opt/airflow/dags/data_ingestioon_gcs_dag.py for tasks to queue
[2022-01-29 17:24:37,471] {logging_mixin.py:109} INFO - [2022-01-29 17:24:37,471] {dagbag.py:500} INFO - Filling up the DagBag from /opt/airflow/dags/data_ingestioon_gcs_dag.py
[2022-01-29 17:24:37,890] {processor.py:654} INFO - DAG(s) dict_keys(['data_ingestion_gcs_dag']) retrieved from /opt/airflow/dags/data_ingestioon_gcs_dag.py
[2022-01-29 17:24:37,895] {logging_mixin.py:109} INFO - [2022-01-29 17:24:37,895] {dag.py:2396} INFO - Sync 1 DAGs
[2022-01-29 17:24:37,902] {logging_mixin.py:109} INFO - [2022-01-29 17:24:37,902] {dag.py:2935} INFO - Setting next_dagrun for data_ingestion_gcs_dag to 2022-01-28 00:00:00+00:00
[2022-01-29 17:24:37,908] {processor.py:171} INFO - Processing /opt/airflow/dags/data_ingestioon_gcs_dag.py took 0.439 seconds
[2022-01-29 17:25:07,980] {processor.py:163} INFO - Started process (PID=2148) to work on /opt/airflow/dags/data_ingestioon_gcs_dag.py
[2022-01-29 17:25:07,980] {processor.py:642} INFO - Processing file /opt/airflow/dags/data_ingestioon_gcs_dag.py for tasks to queue
[2022-01-29 17:25:07,981] {logging_mixin.py:109} INFO - [2022-01-29 17:25:07,981] {dagbag.py:500} INFO - Filling up the DagBag from /opt/airflow/dags/data_ingestioon_gcs_dag.py
[2022-01-29 17:25:08,313] {processor.py:654} INFO - DAG(s) dict_keys(['data_ingestion_gcs_dag']) retrieved from /opt/airflow/dags/data_ingestioon_gcs_dag.py
[2022-01-29 17:25:08,317] {logging_mixin.py:109} INFO - [2022-01-29 17:25:08,317] {dag.py:2396} INFO - Sync 1 DAGs
[2022-01-29 17:25:08,324] {logging_mixin.py:109} INFO - [2022-01-29 17:25:08,324] {dag.py:2935} INFO - Setting next_dagrun for data_ingestion_gcs_dag to 2022-01-28 00:00:00+00:00
[2022-01-29 17:25:08,329] {processor.py:171} INFO - Processing /opt/airflow/dags/data_ingestioon_gcs_dag.py took 0.351 seconds
[2022-01-29 17:25:38,399] {processor.py:163} INFO - Started process (PID=2190) to work on /opt/airflow/dags/data_ingestioon_gcs_dag.py
[2022-01-29 17:25:38,399] {processor.py:642} INFO - Processing file /opt/airflow/dags/data_ingestioon_gcs_dag.py for tasks to queue
[2022-01-29 17:25:38,400] {logging_mixin.py:109} INFO - [2022-01-29 17:25:38,400] {dagbag.py:500} INFO - Filling up the DagBag from /opt/airflow/dags/data_ingestioon_gcs_dag.py
[2022-01-29 17:25:38,772] {processor.py:654} INFO - DAG(s) dict_keys(['data_ingestion_gcs_dag']) retrieved from /opt/airflow/dags/data_ingestioon_gcs_dag.py
[2022-01-29 17:25:38,778] {logging_mixin.py:109} INFO - [2022-01-29 17:25:38,777] {dag.py:2396} INFO - Sync 1 DAGs
[2022-01-29 17:25:38,786] {logging_mixin.py:109} INFO - [2022-01-29 17:25:38,786] {dag.py:2935} INFO - Setting next_dagrun for data_ingestion_gcs_dag to 2022-01-28 00:00:00+00:00
[2022-01-29 17:25:38,792] {processor.py:171} INFO - Processing /opt/airflow/dags/data_ingestioon_gcs_dag.py took 0.394 seconds
[2022-01-29 17:26:08,860] {processor.py:163} INFO - Started process (PID=2230) to work on /opt/airflow/dags/data_ingestioon_gcs_dag.py
[2022-01-29 17:26:08,860] {processor.py:642} INFO - Processing file /opt/airflow/dags/data_ingestioon_gcs_dag.py for tasks to queue
[2022-01-29 17:26:08,860] {logging_mixin.py:109} INFO - [2022-01-29 17:26:08,860] {dagbag.py:500} INFO - Filling up the DagBag from /opt/airflow/dags/data_ingestioon_gcs_dag.py
[2022-01-29 17:26:09,222] {processor.py:654} INFO - DAG(s) dict_keys(['data_ingestion_gcs_dag']) retrieved from /opt/airflow/dags/data_ingestioon_gcs_dag.py
[2022-01-29 17:26:09,226] {logging_mixin.py:109} INFO - [2022-01-29 17:26:09,226] {dag.py:2396} INFO - Sync 1 DAGs
[2022-01-29 17:26:09,234] {logging_mixin.py:109} INFO - [2022-01-29 17:26:09,234] {dag.py:2935} INFO - Setting next_dagrun for data_ingestion_gcs_dag to 2022-01-28 00:00:00+00:00
[2022-01-29 17:26:09,239] {processor.py:171} INFO - Processing /opt/airflow/dags/data_ingestioon_gcs_dag.py took 0.381 seconds
[2022-01-29 17:26:39,306] {processor.py:163} INFO - Started process (PID=2262) to work on /opt/airflow/dags/data_ingestioon_gcs_dag.py
[2022-01-29 17:26:39,306] {processor.py:642} INFO - Processing file /opt/airflow/dags/data_ingestioon_gcs_dag.py for tasks to queue
[2022-01-29 17:26:39,307] {logging_mixin.py:109} INFO - [2022-01-29 17:26:39,307] {dagbag.py:500} INFO - Filling up the DagBag from /opt/airflow/dags/data_ingestioon_gcs_dag.py
[2022-01-29 17:26:39,658] {processor.py:654} INFO - DAG(s) dict_keys(['data_ingestion_gcs_dag']) retrieved from /opt/airflow/dags/data_ingestioon_gcs_dag.py
[2022-01-29 17:26:39,662] {logging_mixin.py:109} INFO - [2022-01-29 17:26:39,662] {dag.py:2396} INFO - Sync 1 DAGs
[2022-01-29 17:26:39,669] {logging_mixin.py:109} INFO - [2022-01-29 17:26:39,669] {dag.py:2935} INFO - Setting next_dagrun for data_ingestion_gcs_dag to 2022-01-28 00:00:00+00:00
[2022-01-29 17:26:39,675] {processor.py:171} INFO - Processing /opt/airflow/dags/data_ingestioon_gcs_dag.py took 0.371 seconds
[2022-01-29 17:27:09,746] {processor.py:163} INFO - Started process (PID=2305) to work on /opt/airflow/dags/data_ingestioon_gcs_dag.py
[2022-01-29 17:27:09,746] {processor.py:642} INFO - Processing file /opt/airflow/dags/data_ingestioon_gcs_dag.py for tasks to queue
[2022-01-29 17:27:09,747] {logging_mixin.py:109} INFO - [2022-01-29 17:27:09,747] {dagbag.py:500} INFO - Filling up the DagBag from /opt/airflow/dags/data_ingestioon_gcs_dag.py
[2022-01-29 17:27:10,116] {processor.py:654} INFO - DAG(s) dict_keys(['data_ingestion_gcs_dag']) retrieved from /opt/airflow/dags/data_ingestioon_gcs_dag.py
[2022-01-29 17:27:10,120] {logging_mixin.py:109} INFO - [2022-01-29 17:27:10,120] {dag.py:2396} INFO - Sync 1 DAGs
[2022-01-29 17:27:10,127] {logging_mixin.py:109} INFO - [2022-01-29 17:27:10,127] {dag.py:2935} INFO - Setting next_dagrun for data_ingestion_gcs_dag to 2022-01-28 00:00:00+00:00
[2022-01-29 17:27:10,132] {processor.py:171} INFO - Processing /opt/airflow/dags/data_ingestioon_gcs_dag.py took 0.388 seconds
[2022-01-29 17:27:40,202] {processor.py:163} INFO - Started process (PID=2346) to work on /opt/airflow/dags/data_ingestioon_gcs_dag.py
[2022-01-29 17:27:40,202] {processor.py:642} INFO - Processing file /opt/airflow/dags/data_ingestioon_gcs_dag.py for tasks to queue
[2022-01-29 17:27:40,203] {logging_mixin.py:109} INFO - [2022-01-29 17:27:40,203] {dagbag.py:500} INFO - Filling up the DagBag from /opt/airflow/dags/data_ingestioon_gcs_dag.py
[2022-01-29 17:27:40,572] {processor.py:654} INFO - DAG(s) dict_keys(['data_ingestion_gcs_dag']) retrieved from /opt/airflow/dags/data_ingestioon_gcs_dag.py
[2022-01-29 17:27:40,576] {logging_mixin.py:109} INFO - [2022-01-29 17:27:40,576] {dag.py:2396} INFO - Sync 1 DAGs
[2022-01-29 17:27:40,584] {logging_mixin.py:109} INFO - [2022-01-29 17:27:40,584] {dag.py:2935} INFO - Setting next_dagrun for data_ingestion_gcs_dag to 2022-01-28 00:00:00+00:00
[2022-01-29 17:27:40,589] {processor.py:171} INFO - Processing /opt/airflow/dags/data_ingestioon_gcs_dag.py took 0.389 seconds
[2022-01-29 17:28:10,656] {processor.py:163} INFO - Started process (PID=2379) to work on /opt/airflow/dags/data_ingestioon_gcs_dag.py
[2022-01-29 17:28:10,657] {processor.py:642} INFO - Processing file /opt/airflow/dags/data_ingestioon_gcs_dag.py for tasks to queue
[2022-01-29 17:28:10,657] {logging_mixin.py:109} INFO - [2022-01-29 17:28:10,657] {dagbag.py:500} INFO - Filling up the DagBag from /opt/airflow/dags/data_ingestioon_gcs_dag.py
[2022-01-29 17:28:11,074] {processor.py:654} INFO - DAG(s) dict_keys(['data_ingestion_gcs_dag']) retrieved from /opt/airflow/dags/data_ingestioon_gcs_dag.py
[2022-01-29 17:28:11,078] {logging_mixin.py:109} INFO - [2022-01-29 17:28:11,078] {dag.py:2396} INFO - Sync 1 DAGs
[2022-01-29 17:28:11,086] {logging_mixin.py:109} INFO - [2022-01-29 17:28:11,086] {dag.py:2935} INFO - Setting next_dagrun for data_ingestion_gcs_dag to 2022-01-28 00:00:00+00:00
[2022-01-29 17:28:11,092] {processor.py:171} INFO - Processing /opt/airflow/dags/data_ingestioon_gcs_dag.py took 0.437 seconds
[2022-01-29 17:28:41,165] {processor.py:163} INFO - Started process (PID=2420) to work on /opt/airflow/dags/data_ingestioon_gcs_dag.py
[2022-01-29 17:28:41,166] {processor.py:642} INFO - Processing file /opt/airflow/dags/data_ingestioon_gcs_dag.py for tasks to queue
[2022-01-29 17:28:41,166] {logging_mixin.py:109} INFO - [2022-01-29 17:28:41,166] {dagbag.py:500} INFO - Filling up the DagBag from /opt/airflow/dags/data_ingestioon_gcs_dag.py
[2022-01-29 17:28:41,540] {processor.py:654} INFO - DAG(s) dict_keys(['data_ingestion_gcs_dag']) retrieved from /opt/airflow/dags/data_ingestioon_gcs_dag.py
[2022-01-29 17:28:41,545] {logging_mixin.py:109} INFO - [2022-01-29 17:28:41,544] {dag.py:2396} INFO - Sync 1 DAGs
[2022-01-29 17:28:41,552] {logging_mixin.py:109} INFO - [2022-01-29 17:28:41,552] {dag.py:2935} INFO - Setting next_dagrun for data_ingestion_gcs_dag to 2022-01-28 00:00:00+00:00
[2022-01-29 17:28:41,558] {processor.py:171} INFO - Processing /opt/airflow/dags/data_ingestioon_gcs_dag.py took 0.395 seconds
[2022-01-29 17:29:11,628] {processor.py:163} INFO - Started process (PID=2462) to work on /opt/airflow/dags/data_ingestioon_gcs_dag.py
[2022-01-29 17:29:11,628] {processor.py:642} INFO - Processing file /opt/airflow/dags/data_ingestioon_gcs_dag.py for tasks to queue
[2022-01-29 17:29:11,629] {logging_mixin.py:109} INFO - [2022-01-29 17:29:11,629] {dagbag.py:500} INFO - Filling up the DagBag from /opt/airflow/dags/data_ingestioon_gcs_dag.py
[2022-01-29 17:29:11,999] {processor.py:654} INFO - DAG(s) dict_keys(['data_ingestion_gcs_dag']) retrieved from /opt/airflow/dags/data_ingestioon_gcs_dag.py
[2022-01-29 17:29:12,004] {logging_mixin.py:109} INFO - [2022-01-29 17:29:12,004] {dag.py:2396} INFO - Sync 1 DAGs
[2022-01-29 17:29:12,011] {logging_mixin.py:109} INFO - [2022-01-29 17:29:12,011] {dag.py:2935} INFO - Setting next_dagrun for data_ingestion_gcs_dag to 2022-01-28 00:00:00+00:00
[2022-01-29 17:29:12,017] {processor.py:171} INFO - Processing /opt/airflow/dags/data_ingestioon_gcs_dag.py took 0.390 seconds
[2022-01-29 17:29:42,087] {processor.py:163} INFO - Started process (PID=2503) to work on /opt/airflow/dags/data_ingestioon_gcs_dag.py
[2022-01-29 17:29:42,088] {processor.py:642} INFO - Processing file /opt/airflow/dags/data_ingestioon_gcs_dag.py for tasks to queue
[2022-01-29 17:29:42,088] {logging_mixin.py:109} INFO - [2022-01-29 17:29:42,088] {dagbag.py:500} INFO - Filling up the DagBag from /opt/airflow/dags/data_ingestioon_gcs_dag.py
[2022-01-29 17:29:42,459] {processor.py:654} INFO - DAG(s) dict_keys(['data_ingestion_gcs_dag']) retrieved from /opt/airflow/dags/data_ingestioon_gcs_dag.py
[2022-01-29 17:29:42,463] {logging_mixin.py:109} INFO - [2022-01-29 17:29:42,463] {dag.py:2396} INFO - Sync 1 DAGs
[2022-01-29 17:29:42,470] {logging_mixin.py:109} INFO - [2022-01-29 17:29:42,470] {dag.py:2935} INFO - Setting next_dagrun for data_ingestion_gcs_dag to 2022-01-28 00:00:00+00:00
[2022-01-29 17:29:42,475] {processor.py:171} INFO - Processing /opt/airflow/dags/data_ingestioon_gcs_dag.py took 0.389 seconds
[2022-01-29 17:30:12,543] {processor.py:163} INFO - Started process (PID=2534) to work on /opt/airflow/dags/data_ingestioon_gcs_dag.py
[2022-01-29 17:30:12,543] {processor.py:642} INFO - Processing file /opt/airflow/dags/data_ingestioon_gcs_dag.py for tasks to queue
[2022-01-29 17:30:12,544] {logging_mixin.py:109} INFO - [2022-01-29 17:30:12,544] {dagbag.py:500} INFO - Filling up the DagBag from /opt/airflow/dags/data_ingestioon_gcs_dag.py
[2022-01-29 17:30:12,920] {processor.py:654} INFO - DAG(s) dict_keys(['data_ingestion_gcs_dag']) retrieved from /opt/airflow/dags/data_ingestioon_gcs_dag.py
[2022-01-29 17:30:12,925] {logging_mixin.py:109} INFO - [2022-01-29 17:30:12,924] {dag.py:2396} INFO - Sync 1 DAGs
[2022-01-29 17:30:12,933] {logging_mixin.py:109} INFO - [2022-01-29 17:30:12,932] {dag.py:2935} INFO - Setting next_dagrun for data_ingestion_gcs_dag to 2022-01-28 00:00:00+00:00
[2022-01-29 17:30:12,938] {processor.py:171} INFO - Processing /opt/airflow/dags/data_ingestioon_gcs_dag.py took 0.396 seconds
[2022-01-29 17:30:43,010] {processor.py:163} INFO - Started process (PID=2575) to work on /opt/airflow/dags/data_ingestioon_gcs_dag.py
[2022-01-29 17:30:43,010] {processor.py:642} INFO - Processing file /opt/airflow/dags/data_ingestioon_gcs_dag.py for tasks to queue
[2022-01-29 17:30:43,011] {logging_mixin.py:109} INFO - [2022-01-29 17:30:43,011] {dagbag.py:500} INFO - Filling up the DagBag from /opt/airflow/dags/data_ingestioon_gcs_dag.py
[2022-01-29 17:30:43,391] {processor.py:654} INFO - DAG(s) dict_keys(['data_ingestion_gcs_dag']) retrieved from /opt/airflow/dags/data_ingestioon_gcs_dag.py
[2022-01-29 17:30:43,395] {logging_mixin.py:109} INFO - [2022-01-29 17:30:43,395] {dag.py:2396} INFO - Sync 1 DAGs
[2022-01-29 17:30:43,402] {logging_mixin.py:109} INFO - [2022-01-29 17:30:43,402] {dag.py:2935} INFO - Setting next_dagrun for data_ingestion_gcs_dag to 2022-01-28 00:00:00+00:00
[2022-01-29 17:30:43,408] {processor.py:171} INFO - Processing /opt/airflow/dags/data_ingestioon_gcs_dag.py took 0.399 seconds
[2022-01-29 17:31:13,478] {processor.py:163} INFO - Started process (PID=2616) to work on /opt/airflow/dags/data_ingestioon_gcs_dag.py
[2022-01-29 17:31:13,478] {processor.py:642} INFO - Processing file /opt/airflow/dags/data_ingestioon_gcs_dag.py for tasks to queue
[2022-01-29 17:31:13,479] {logging_mixin.py:109} INFO - [2022-01-29 17:31:13,479] {dagbag.py:500} INFO - Filling up the DagBag from /opt/airflow/dags/data_ingestioon_gcs_dag.py
[2022-01-29 17:31:13,863] {processor.py:654} INFO - DAG(s) dict_keys(['data_ingestion_gcs_dag']) retrieved from /opt/airflow/dags/data_ingestioon_gcs_dag.py
[2022-01-29 17:31:13,868] {logging_mixin.py:109} INFO - [2022-01-29 17:31:13,868] {dag.py:2396} INFO - Sync 1 DAGs
[2022-01-29 17:31:13,878] {logging_mixin.py:109} INFO - [2022-01-29 17:31:13,878] {dag.py:2935} INFO - Setting next_dagrun for data_ingestion_gcs_dag to 2022-01-28 00:00:00+00:00
[2022-01-29 17:31:13,884] {processor.py:171} INFO - Processing /opt/airflow/dags/data_ingestioon_gcs_dag.py took 0.407 seconds
[2022-01-29 17:31:43,956] {processor.py:163} INFO - Started process (PID=2647) to work on /opt/airflow/dags/data_ingestioon_gcs_dag.py
[2022-01-29 17:31:43,956] {processor.py:642} INFO - Processing file /opt/airflow/dags/data_ingestioon_gcs_dag.py for tasks to queue
[2022-01-29 17:31:43,957] {logging_mixin.py:109} INFO - [2022-01-29 17:31:43,957] {dagbag.py:500} INFO - Filling up the DagBag from /opt/airflow/dags/data_ingestioon_gcs_dag.py
[2022-01-29 17:31:44,437] {processor.py:654} INFO - DAG(s) dict_keys(['data_ingestion_gcs_dag']) retrieved from /opt/airflow/dags/data_ingestioon_gcs_dag.py
[2022-01-29 17:31:44,444] {logging_mixin.py:109} INFO - [2022-01-29 17:31:44,444] {dag.py:2396} INFO - Sync 1 DAGs
[2022-01-29 17:31:44,455] {logging_mixin.py:109} INFO - [2022-01-29 17:31:44,455] {dag.py:2935} INFO - Setting next_dagrun for data_ingestion_gcs_dag to 2022-01-28 00:00:00+00:00
[2022-01-29 17:31:44,462] {processor.py:171} INFO - Processing /opt/airflow/dags/data_ingestioon_gcs_dag.py took 0.507 seconds
[2022-01-29 17:32:14,533] {processor.py:163} INFO - Started process (PID=2689) to work on /opt/airflow/dags/data_ingestioon_gcs_dag.py
[2022-01-29 17:32:14,534] {processor.py:642} INFO - Processing file /opt/airflow/dags/data_ingestioon_gcs_dag.py for tasks to queue
[2022-01-29 17:32:14,534] {logging_mixin.py:109} INFO - [2022-01-29 17:32:14,534] {dagbag.py:500} INFO - Filling up the DagBag from /opt/airflow/dags/data_ingestioon_gcs_dag.py
[2022-01-29 17:32:14,893] {processor.py:654} INFO - DAG(s) dict_keys(['data_ingestion_gcs_dag']) retrieved from /opt/airflow/dags/data_ingestioon_gcs_dag.py
[2022-01-29 17:32:14,898] {logging_mixin.py:109} INFO - [2022-01-29 17:32:14,898] {dag.py:2396} INFO - Sync 1 DAGs
[2022-01-29 17:32:14,905] {logging_mixin.py:109} INFO - [2022-01-29 17:32:14,905] {dag.py:2935} INFO - Setting next_dagrun for data_ingestion_gcs_dag to 2022-01-28 00:00:00+00:00
[2022-01-29 17:32:14,910] {processor.py:171} INFO - Processing /opt/airflow/dags/data_ingestioon_gcs_dag.py took 0.379 seconds
[2022-01-29 17:32:44,993] {processor.py:163} INFO - Started process (PID=2729) to work on /opt/airflow/dags/data_ingestioon_gcs_dag.py
[2022-01-29 17:32:44,993] {processor.py:642} INFO - Processing file /opt/airflow/dags/data_ingestioon_gcs_dag.py for tasks to queue
[2022-01-29 17:32:44,994] {logging_mixin.py:109} INFO - [2022-01-29 17:32:44,994] {dagbag.py:500} INFO - Filling up the DagBag from /opt/airflow/dags/data_ingestioon_gcs_dag.py
[2022-01-29 17:32:45,354] {processor.py:654} INFO - DAG(s) dict_keys(['data_ingestion_gcs_dag']) retrieved from /opt/airflow/dags/data_ingestioon_gcs_dag.py
[2022-01-29 17:32:45,359] {logging_mixin.py:109} INFO - [2022-01-29 17:32:45,359] {dag.py:2396} INFO - Sync 1 DAGs
[2022-01-29 17:32:45,367] {logging_mixin.py:109} INFO - [2022-01-29 17:32:45,366] {dag.py:2935} INFO - Setting next_dagrun for data_ingestion_gcs_dag to 2022-01-28 00:00:00+00:00
[2022-01-29 17:32:45,372] {processor.py:171} INFO - Processing /opt/airflow/dags/data_ingestioon_gcs_dag.py took 0.380 seconds
[2022-01-29 17:33:15,440] {processor.py:163} INFO - Started process (PID=2770) to work on /opt/airflow/dags/data_ingestioon_gcs_dag.py
[2022-01-29 17:33:15,441] {processor.py:642} INFO - Processing file /opt/airflow/dags/data_ingestioon_gcs_dag.py for tasks to queue
[2022-01-29 17:33:15,442] {logging_mixin.py:109} INFO - [2022-01-29 17:33:15,442] {dagbag.py:500} INFO - Filling up the DagBag from /opt/airflow/dags/data_ingestioon_gcs_dag.py
[2022-01-29 17:33:15,804] {processor.py:654} INFO - DAG(s) dict_keys(['data_ingestion_gcs_dag']) retrieved from /opt/airflow/dags/data_ingestioon_gcs_dag.py
[2022-01-29 17:33:15,808] {logging_mixin.py:109} INFO - [2022-01-29 17:33:15,808] {dag.py:2396} INFO - Sync 1 DAGs
[2022-01-29 17:33:15,816] {logging_mixin.py:109} INFO - [2022-01-29 17:33:15,816] {dag.py:2935} INFO - Setting next_dagrun for data_ingestion_gcs_dag to 2022-01-28 00:00:00+00:00
[2022-01-29 17:33:15,821] {processor.py:171} INFO - Processing /opt/airflow/dags/data_ingestioon_gcs_dag.py took 0.382 seconds
[2022-01-29 17:33:45,893] {processor.py:163} INFO - Started process (PID=2802) to work on /opt/airflow/dags/data_ingestioon_gcs_dag.py
[2022-01-29 17:33:45,894] {processor.py:642} INFO - Processing file /opt/airflow/dags/data_ingestioon_gcs_dag.py for tasks to queue
[2022-01-29 17:33:45,894] {logging_mixin.py:109} INFO - [2022-01-29 17:33:45,894] {dagbag.py:500} INFO - Filling up the DagBag from /opt/airflow/dags/data_ingestioon_gcs_dag.py
[2022-01-29 17:33:46,356] {processor.py:654} INFO - DAG(s) dict_keys(['data_ingestion_gcs_dag']) retrieved from /opt/airflow/dags/data_ingestioon_gcs_dag.py
[2022-01-29 17:33:46,360] {logging_mixin.py:109} INFO - [2022-01-29 17:33:46,360] {dag.py:2396} INFO - Sync 1 DAGs
[2022-01-29 17:33:46,369] {logging_mixin.py:109} INFO - [2022-01-29 17:33:46,369] {dag.py:2935} INFO - Setting next_dagrun for data_ingestion_gcs_dag to 2022-01-28 00:00:00+00:00
[2022-01-29 17:33:46,376] {processor.py:171} INFO - Processing /opt/airflow/dags/data_ingestioon_gcs_dag.py took 0.484 seconds
[2022-01-29 17:34:16,450] {processor.py:163} INFO - Started process (PID=2842) to work on /opt/airflow/dags/data_ingestioon_gcs_dag.py
[2022-01-29 17:34:16,451] {processor.py:642} INFO - Processing file /opt/airflow/dags/data_ingestioon_gcs_dag.py for tasks to queue
[2022-01-29 17:34:16,451] {logging_mixin.py:109} INFO - [2022-01-29 17:34:16,451] {dagbag.py:500} INFO - Filling up the DagBag from /opt/airflow/dags/data_ingestioon_gcs_dag.py
[2022-01-29 17:34:16,831] {processor.py:654} INFO - DAG(s) dict_keys(['data_ingestion_gcs_dag']) retrieved from /opt/airflow/dags/data_ingestioon_gcs_dag.py
[2022-01-29 17:34:16,836] {logging_mixin.py:109} INFO - [2022-01-29 17:34:16,836] {dag.py:2396} INFO - Sync 1 DAGs
[2022-01-29 17:34:16,844] {logging_mixin.py:109} INFO - [2022-01-29 17:34:16,844] {dag.py:2935} INFO - Setting next_dagrun for data_ingestion_gcs_dag to 2022-01-28 00:00:00+00:00
[2022-01-29 17:34:16,850] {processor.py:171} INFO - Processing /opt/airflow/dags/data_ingestioon_gcs_dag.py took 0.402 seconds
[2022-01-29 17:34:46,922] {processor.py:163} INFO - Started process (PID=2882) to work on /opt/airflow/dags/data_ingestioon_gcs_dag.py
[2022-01-29 17:34:46,923] {processor.py:642} INFO - Processing file /opt/airflow/dags/data_ingestioon_gcs_dag.py for tasks to queue
[2022-01-29 17:34:46,923] {logging_mixin.py:109} INFO - [2022-01-29 17:34:46,923] {dagbag.py:500} INFO - Filling up the DagBag from /opt/airflow/dags/data_ingestioon_gcs_dag.py
[2022-01-29 17:34:47,296] {processor.py:654} INFO - DAG(s) dict_keys(['data_ingestion_gcs_dag']) retrieved from /opt/airflow/dags/data_ingestioon_gcs_dag.py
[2022-01-29 17:34:47,301] {logging_mixin.py:109} INFO - [2022-01-29 17:34:47,301] {dag.py:2396} INFO - Sync 1 DAGs
[2022-01-29 17:34:47,308] {logging_mixin.py:109} INFO - [2022-01-29 17:34:47,308] {dag.py:2935} INFO - Setting next_dagrun for data_ingestion_gcs_dag to 2022-01-28 00:00:00+00:00
[2022-01-29 17:34:47,314] {processor.py:171} INFO - Processing /opt/airflow/dags/data_ingestioon_gcs_dag.py took 0.394 seconds
[2022-01-29 17:35:17,386] {processor.py:163} INFO - Started process (PID=2913) to work on /opt/airflow/dags/data_ingestioon_gcs_dag.py
[2022-01-29 17:35:17,387] {processor.py:642} INFO - Processing file /opt/airflow/dags/data_ingestioon_gcs_dag.py for tasks to queue
[2022-01-29 17:35:17,387] {logging_mixin.py:109} INFO - [2022-01-29 17:35:17,387] {dagbag.py:500} INFO - Filling up the DagBag from /opt/airflow/dags/data_ingestioon_gcs_dag.py
[2022-01-29 17:35:17,755] {processor.py:654} INFO - DAG(s) dict_keys(['data_ingestion_gcs_dag']) retrieved from /opt/airflow/dags/data_ingestioon_gcs_dag.py
[2022-01-29 17:35:17,760] {logging_mixin.py:109} INFO - [2022-01-29 17:35:17,760] {dag.py:2396} INFO - Sync 1 DAGs
[2022-01-29 17:35:17,768] {logging_mixin.py:109} INFO - [2022-01-29 17:35:17,768] {dag.py:2935} INFO - Setting next_dagrun for data_ingestion_gcs_dag to 2022-01-28 00:00:00+00:00
[2022-01-29 17:35:17,774] {processor.py:171} INFO - Processing /opt/airflow/dags/data_ingestioon_gcs_dag.py took 0.390 seconds
[2022-01-29 17:35:47,845] {processor.py:163} INFO - Started process (PID=2954) to work on /opt/airflow/dags/data_ingestioon_gcs_dag.py
[2022-01-29 17:35:47,845] {processor.py:642} INFO - Processing file /opt/airflow/dags/data_ingestioon_gcs_dag.py for tasks to queue
[2022-01-29 17:35:47,846] {logging_mixin.py:109} INFO - [2022-01-29 17:35:47,846] {dagbag.py:500} INFO - Filling up the DagBag from /opt/airflow/dags/data_ingestioon_gcs_dag.py
[2022-01-29 17:35:48,259] {processor.py:654} INFO - DAG(s) dict_keys(['data_ingestion_gcs_dag']) retrieved from /opt/airflow/dags/data_ingestioon_gcs_dag.py
[2022-01-29 17:35:48,264] {logging_mixin.py:109} INFO - [2022-01-29 17:35:48,264] {dag.py:2396} INFO - Sync 1 DAGs
[2022-01-29 17:35:48,272] {logging_mixin.py:109} INFO - [2022-01-29 17:35:48,272] {dag.py:2935} INFO - Setting next_dagrun for data_ingestion_gcs_dag to 2022-01-28 00:00:00+00:00
[2022-01-29 17:35:48,277] {processor.py:171} INFO - Processing /opt/airflow/dags/data_ingestioon_gcs_dag.py took 0.434 seconds
[2022-01-29 17:36:18,344] {processor.py:163} INFO - Started process (PID=2995) to work on /opt/airflow/dags/data_ingestioon_gcs_dag.py
[2022-01-29 17:36:18,344] {processor.py:642} INFO - Processing file /opt/airflow/dags/data_ingestioon_gcs_dag.py for tasks to queue
[2022-01-29 17:36:18,345] {logging_mixin.py:109} INFO - [2022-01-29 17:36:18,345] {dagbag.py:500} INFO - Filling up the DagBag from /opt/airflow/dags/data_ingestioon_gcs_dag.py
[2022-01-29 17:36:18,684] {processor.py:654} INFO - DAG(s) dict_keys(['data_ingestion_gcs_dag']) retrieved from /opt/airflow/dags/data_ingestioon_gcs_dag.py
[2022-01-29 17:36:18,688] {logging_mixin.py:109} INFO - [2022-01-29 17:36:18,688] {dag.py:2396} INFO - Sync 1 DAGs
[2022-01-29 17:36:18,695] {logging_mixin.py:109} INFO - [2022-01-29 17:36:18,695] {dag.py:2935} INFO - Setting next_dagrun for data_ingestion_gcs_dag to 2022-01-28 00:00:00+00:00
[2022-01-29 17:36:18,700] {processor.py:171} INFO - Processing /opt/airflow/dags/data_ingestioon_gcs_dag.py took 0.357 seconds
[2022-01-29 17:36:48,767] {processor.py:163} INFO - Started process (PID=3037) to work on /opt/airflow/dags/data_ingestioon_gcs_dag.py
[2022-01-29 17:36:48,767] {processor.py:642} INFO - Processing file /opt/airflow/dags/data_ingestioon_gcs_dag.py for tasks to queue
[2022-01-29 17:36:48,768] {logging_mixin.py:109} INFO - [2022-01-29 17:36:48,768] {dagbag.py:500} INFO - Filling up the DagBag from /opt/airflow/dags/data_ingestioon_gcs_dag.py
[2022-01-29 17:36:49,115] {processor.py:654} INFO - DAG(s) dict_keys(['data_ingestion_gcs_dag']) retrieved from /opt/airflow/dags/data_ingestioon_gcs_dag.py
[2022-01-29 17:36:49,119] {logging_mixin.py:109} INFO - [2022-01-29 17:36:49,119] {dag.py:2396} INFO - Sync 1 DAGs
[2022-01-29 17:36:49,127] {logging_mixin.py:109} INFO - [2022-01-29 17:36:49,127] {dag.py:2935} INFO - Setting next_dagrun for data_ingestion_gcs_dag to 2022-01-28 00:00:00+00:00
[2022-01-29 17:36:49,132] {processor.py:171} INFO - Processing /opt/airflow/dags/data_ingestioon_gcs_dag.py took 0.366 seconds
[2022-01-29 17:37:19,205] {processor.py:163} INFO - Started process (PID=3068) to work on /opt/airflow/dags/data_ingestioon_gcs_dag.py
[2022-01-29 17:37:19,206] {processor.py:642} INFO - Processing file /opt/airflow/dags/data_ingestioon_gcs_dag.py for tasks to queue
[2022-01-29 17:37:19,206] {logging_mixin.py:109} INFO - [2022-01-29 17:37:19,206] {dagbag.py:500} INFO - Filling up the DagBag from /opt/airflow/dags/data_ingestioon_gcs_dag.py
[2022-01-29 17:37:19,593] {processor.py:654} INFO - DAG(s) dict_keys(['data_ingestion_gcs_dag']) retrieved from /opt/airflow/dags/data_ingestioon_gcs_dag.py
[2022-01-29 17:37:19,598] {logging_mixin.py:109} INFO - [2022-01-29 17:37:19,598] {dag.py:2396} INFO - Sync 1 DAGs
[2022-01-29 17:37:19,605] {logging_mixin.py:109} INFO - [2022-01-29 17:37:19,605] {dag.py:2935} INFO - Setting next_dagrun for data_ingestion_gcs_dag to 2022-01-28 00:00:00+00:00
[2022-01-29 17:37:19,610] {processor.py:171} INFO - Processing /opt/airflow/dags/data_ingestioon_gcs_dag.py took 0.407 seconds
[2022-01-29 17:37:49,677] {processor.py:163} INFO - Started process (PID=3109) to work on /opt/airflow/dags/data_ingestioon_gcs_dag.py
[2022-01-29 17:37:49,678] {processor.py:642} INFO - Processing file /opt/airflow/dags/data_ingestioon_gcs_dag.py for tasks to queue
[2022-01-29 17:37:49,678] {logging_mixin.py:109} INFO - [2022-01-29 17:37:49,678] {dagbag.py:500} INFO - Filling up the DagBag from /opt/airflow/dags/data_ingestioon_gcs_dag.py
[2022-01-29 17:37:50,040] {processor.py:654} INFO - DAG(s) dict_keys(['data_ingestion_gcs_dag']) retrieved from /opt/airflow/dags/data_ingestioon_gcs_dag.py
[2022-01-29 17:37:50,045] {logging_mixin.py:109} INFO - [2022-01-29 17:37:50,045] {dag.py:2396} INFO - Sync 1 DAGs
[2022-01-29 17:37:50,053] {logging_mixin.py:109} INFO - [2022-01-29 17:37:50,053] {dag.py:2935} INFO - Setting next_dagrun for data_ingestion_gcs_dag to 2022-01-28 00:00:00+00:00
[2022-01-29 17:37:50,058] {processor.py:171} INFO - Processing /opt/airflow/dags/data_ingestioon_gcs_dag.py took 0.382 seconds
[2022-01-29 17:38:20,125] {processor.py:163} INFO - Started process (PID=3151) to work on /opt/airflow/dags/data_ingestioon_gcs_dag.py
[2022-01-29 17:38:20,125] {processor.py:642} INFO - Processing file /opt/airflow/dags/data_ingestioon_gcs_dag.py for tasks to queue
[2022-01-29 17:38:20,125] {logging_mixin.py:109} INFO - [2022-01-29 17:38:20,125] {dagbag.py:500} INFO - Filling up the DagBag from /opt/airflow/dags/data_ingestioon_gcs_dag.py
[2022-01-29 17:38:20,529] {processor.py:654} INFO - DAG(s) dict_keys(['data_ingestion_gcs_dag']) retrieved from /opt/airflow/dags/data_ingestioon_gcs_dag.py
[2022-01-29 17:38:20,535] {logging_mixin.py:109} INFO - [2022-01-29 17:38:20,535] {dag.py:2396} INFO - Sync 1 DAGs
[2022-01-29 17:38:20,543] {logging_mixin.py:109} INFO - [2022-01-29 17:38:20,543] {dag.py:2935} INFO - Setting next_dagrun for data_ingestion_gcs_dag to 2022-01-28 00:00:00+00:00
[2022-01-29 17:38:20,548] {processor.py:171} INFO - Processing /opt/airflow/dags/data_ingestioon_gcs_dag.py took 0.425 seconds
[2022-01-29 17:38:50,618] {processor.py:163} INFO - Started process (PID=3192) to work on /opt/airflow/dags/data_ingestioon_gcs_dag.py
[2022-01-29 17:38:50,619] {processor.py:642} INFO - Processing file /opt/airflow/dags/data_ingestioon_gcs_dag.py for tasks to queue
[2022-01-29 17:38:50,619] {logging_mixin.py:109} INFO - [2022-01-29 17:38:50,619] {dagbag.py:500} INFO - Filling up the DagBag from /opt/airflow/dags/data_ingestioon_gcs_dag.py
[2022-01-29 17:38:51,005] {processor.py:654} INFO - DAG(s) dict_keys(['data_ingestion_gcs_dag']) retrieved from /opt/airflow/dags/data_ingestioon_gcs_dag.py
[2022-01-29 17:38:51,010] {logging_mixin.py:109} INFO - [2022-01-29 17:38:51,010] {dag.py:2396} INFO - Sync 1 DAGs
[2022-01-29 17:38:51,019] {logging_mixin.py:109} INFO - [2022-01-29 17:38:51,019] {dag.py:2935} INFO - Setting next_dagrun for data_ingestion_gcs_dag to 2022-01-28 00:00:00+00:00
[2022-01-29 17:38:51,025] {processor.py:171} INFO - Processing /opt/airflow/dags/data_ingestioon_gcs_dag.py took 0.408 seconds
[2022-01-29 17:39:21,094] {processor.py:163} INFO - Started process (PID=3224) to work on /opt/airflow/dags/data_ingestioon_gcs_dag.py
[2022-01-29 17:39:21,095] {processor.py:642} INFO - Processing file /opt/airflow/dags/data_ingestioon_gcs_dag.py for tasks to queue
[2022-01-29 17:39:21,095] {logging_mixin.py:109} INFO - [2022-01-29 17:39:21,095] {dagbag.py:500} INFO - Filling up the DagBag from /opt/airflow/dags/data_ingestioon_gcs_dag.py
[2022-01-29 17:39:21,459] {processor.py:654} INFO - DAG(s) dict_keys(['data_ingestion_gcs_dag']) retrieved from /opt/airflow/dags/data_ingestioon_gcs_dag.py
[2022-01-29 17:39:21,464] {logging_mixin.py:109} INFO - [2022-01-29 17:39:21,464] {dag.py:2396} INFO - Sync 1 DAGs
[2022-01-29 17:39:21,471] {logging_mixin.py:109} INFO - [2022-01-29 17:39:21,471] {dag.py:2935} INFO - Setting next_dagrun for data_ingestion_gcs_dag to 2022-01-28 00:00:00+00:00
[2022-01-29 17:39:21,476] {processor.py:171} INFO - Processing /opt/airflow/dags/data_ingestioon_gcs_dag.py took 0.383 seconds
[2022-01-29 17:39:51,544] {processor.py:163} INFO - Started process (PID=3265) to work on /opt/airflow/dags/data_ingestioon_gcs_dag.py
[2022-01-29 17:39:51,545] {processor.py:642} INFO - Processing file /opt/airflow/dags/data_ingestioon_gcs_dag.py for tasks to queue
[2022-01-29 17:39:51,545] {logging_mixin.py:109} INFO - [2022-01-29 17:39:51,545] {dagbag.py:500} INFO - Filling up the DagBag from /opt/airflow/dags/data_ingestioon_gcs_dag.py
[2022-01-29 17:39:51,941] {processor.py:654} INFO - DAG(s) dict_keys(['data_ingestion_gcs_dag']) retrieved from /opt/airflow/dags/data_ingestioon_gcs_dag.py
[2022-01-29 17:39:51,945] {logging_mixin.py:109} INFO - [2022-01-29 17:39:51,945] {dag.py:2396} INFO - Sync 1 DAGs
[2022-01-29 17:39:51,953] {logging_mixin.py:109} INFO - [2022-01-29 17:39:51,953] {dag.py:2935} INFO - Setting next_dagrun for data_ingestion_gcs_dag to 2022-01-28 00:00:00+00:00
[2022-01-29 17:39:51,959] {processor.py:171} INFO - Processing /opt/airflow/dags/data_ingestioon_gcs_dag.py took 0.416 seconds
[2022-01-29 17:40:22,024] {processor.py:163} INFO - Started process (PID=3306) to work on /opt/airflow/dags/data_ingestioon_gcs_dag.py
[2022-01-29 17:40:22,024] {processor.py:642} INFO - Processing file /opt/airflow/dags/data_ingestioon_gcs_dag.py for tasks to queue
[2022-01-29 17:40:22,025] {logging_mixin.py:109} INFO - [2022-01-29 17:40:22,025] {dagbag.py:500} INFO - Filling up the DagBag from /opt/airflow/dags/data_ingestioon_gcs_dag.py
[2022-01-29 17:40:22,377] {processor.py:654} INFO - DAG(s) dict_keys(['data_ingestion_gcs_dag']) retrieved from /opt/airflow/dags/data_ingestioon_gcs_dag.py
[2022-01-29 17:40:22,381] {logging_mixin.py:109} INFO - [2022-01-29 17:40:22,381] {dag.py:2396} INFO - Sync 1 DAGs
[2022-01-29 17:40:22,389] {logging_mixin.py:109} INFO - [2022-01-29 17:40:22,389] {dag.py:2935} INFO - Setting next_dagrun for data_ingestion_gcs_dag to 2022-01-28 00:00:00+00:00
[2022-01-29 17:40:22,394] {processor.py:171} INFO - Processing /opt/airflow/dags/data_ingestioon_gcs_dag.py took 0.371 seconds
[2022-01-29 17:40:52,460] {processor.py:163} INFO - Started process (PID=3338) to work on /opt/airflow/dags/data_ingestioon_gcs_dag.py
[2022-01-29 17:40:52,461] {processor.py:642} INFO - Processing file /opt/airflow/dags/data_ingestioon_gcs_dag.py for tasks to queue
[2022-01-29 17:40:52,461] {logging_mixin.py:109} INFO - [2022-01-29 17:40:52,461] {dagbag.py:500} INFO - Filling up the DagBag from /opt/airflow/dags/data_ingestioon_gcs_dag.py
[2022-01-29 17:40:52,815] {processor.py:654} INFO - DAG(s) dict_keys(['data_ingestion_gcs_dag']) retrieved from /opt/airflow/dags/data_ingestioon_gcs_dag.py
[2022-01-29 17:40:52,819] {logging_mixin.py:109} INFO - [2022-01-29 17:40:52,819] {dag.py:2396} INFO - Sync 1 DAGs
[2022-01-29 17:40:52,826] {logging_mixin.py:109} INFO - [2022-01-29 17:40:52,826] {dag.py:2935} INFO - Setting next_dagrun for data_ingestion_gcs_dag to 2022-01-28 00:00:00+00:00
[2022-01-29 17:40:52,831] {processor.py:171} INFO - Processing /opt/airflow/dags/data_ingestioon_gcs_dag.py took 0.372 seconds
[2022-01-29 17:41:22,896] {processor.py:163} INFO - Started process (PID=3378) to work on /opt/airflow/dags/data_ingestioon_gcs_dag.py
[2022-01-29 17:41:22,897] {processor.py:642} INFO - Processing file /opt/airflow/dags/data_ingestioon_gcs_dag.py for tasks to queue
[2022-01-29 17:41:22,897] {logging_mixin.py:109} INFO - [2022-01-29 17:41:22,897] {dagbag.py:500} INFO - Filling up the DagBag from /opt/airflow/dags/data_ingestioon_gcs_dag.py
[2022-01-29 17:41:23,298] {processor.py:654} INFO - DAG(s) dict_keys(['data_ingestion_gcs_dag']) retrieved from /opt/airflow/dags/data_ingestioon_gcs_dag.py
[2022-01-29 17:41:23,302] {logging_mixin.py:109} INFO - [2022-01-29 17:41:23,302] {dag.py:2396} INFO - Sync 1 DAGs
[2022-01-29 17:41:23,309] {logging_mixin.py:109} INFO - [2022-01-29 17:41:23,309] {dag.py:2935} INFO - Setting next_dagrun for data_ingestion_gcs_dag to 2022-01-28 00:00:00+00:00
[2022-01-29 17:41:23,315] {processor.py:171} INFO - Processing /opt/airflow/dags/data_ingestioon_gcs_dag.py took 0.420 seconds
[2022-01-29 17:41:53,384] {processor.py:163} INFO - Started process (PID=3419) to work on /opt/airflow/dags/data_ingestioon_gcs_dag.py
[2022-01-29 17:41:53,384] {processor.py:642} INFO - Processing file /opt/airflow/dags/data_ingestioon_gcs_dag.py for tasks to queue
[2022-01-29 17:41:53,385] {logging_mixin.py:109} INFO - [2022-01-29 17:41:53,385] {dagbag.py:500} INFO - Filling up the DagBag from /opt/airflow/dags/data_ingestioon_gcs_dag.py
[2022-01-29 17:41:53,729] {processor.py:654} INFO - DAG(s) dict_keys(['data_ingestion_gcs_dag']) retrieved from /opt/airflow/dags/data_ingestioon_gcs_dag.py
[2022-01-29 17:41:53,733] {logging_mixin.py:109} INFO - [2022-01-29 17:41:53,733] {dag.py:2396} INFO - Sync 1 DAGs
[2022-01-29 17:41:53,740] {logging_mixin.py:109} INFO - [2022-01-29 17:41:53,740] {dag.py:2935} INFO - Setting next_dagrun for data_ingestion_gcs_dag to 2022-01-28 00:00:00+00:00
[2022-01-29 17:41:53,745] {processor.py:171} INFO - Processing /opt/airflow/dags/data_ingestioon_gcs_dag.py took 0.363 seconds
[2022-01-29 17:42:23,811] {processor.py:163} INFO - Started process (PID=3459) to work on /opt/airflow/dags/data_ingestioon_gcs_dag.py
[2022-01-29 17:42:23,812] {processor.py:642} INFO - Processing file /opt/airflow/dags/data_ingestioon_gcs_dag.py for tasks to queue
[2022-01-29 17:42:23,812] {logging_mixin.py:109} INFO - [2022-01-29 17:42:23,812] {dagbag.py:500} INFO - Filling up the DagBag from /opt/airflow/dags/data_ingestioon_gcs_dag.py
[2022-01-29 17:42:24,182] {processor.py:654} INFO - DAG(s) dict_keys(['data_ingestion_gcs_dag']) retrieved from /opt/airflow/dags/data_ingestioon_gcs_dag.py
[2022-01-29 17:42:24,186] {logging_mixin.py:109} INFO - [2022-01-29 17:42:24,186] {dag.py:2396} INFO - Sync 1 DAGs
[2022-01-29 17:42:24,194] {logging_mixin.py:109} INFO - [2022-01-29 17:42:24,194] {dag.py:2935} INFO - Setting next_dagrun for data_ingestion_gcs_dag to 2022-01-28 00:00:00+00:00
[2022-01-29 17:42:24,199] {processor.py:171} INFO - Processing /opt/airflow/dags/data_ingestioon_gcs_dag.py took 0.389 seconds
[2022-01-29 17:42:54,267] {processor.py:163} INFO - Started process (PID=3490) to work on /opt/airflow/dags/data_ingestioon_gcs_dag.py
[2022-01-29 17:42:54,268] {processor.py:642} INFO - Processing file /opt/airflow/dags/data_ingestioon_gcs_dag.py for tasks to queue
[2022-01-29 17:42:54,268] {logging_mixin.py:109} INFO - [2022-01-29 17:42:54,268] {dagbag.py:500} INFO - Filling up the DagBag from /opt/airflow/dags/data_ingestioon_gcs_dag.py
[2022-01-29 17:42:54,651] {processor.py:654} INFO - DAG(s) dict_keys(['data_ingestion_gcs_dag']) retrieved from /opt/airflow/dags/data_ingestioon_gcs_dag.py
[2022-01-29 17:42:54,655] {logging_mixin.py:109} INFO - [2022-01-29 17:42:54,655] {dag.py:2396} INFO - Sync 1 DAGs
[2022-01-29 17:42:54,663] {logging_mixin.py:109} INFO - [2022-01-29 17:42:54,663] {dag.py:2935} INFO - Setting next_dagrun for data_ingestion_gcs_dag to 2022-01-28 00:00:00+00:00
[2022-01-29 17:42:54,668] {processor.py:171} INFO - Processing /opt/airflow/dags/data_ingestioon_gcs_dag.py took 0.402 seconds
[2022-01-29 17:43:24,733] {processor.py:163} INFO - Started process (PID=3530) to work on /opt/airflow/dags/data_ingestioon_gcs_dag.py
[2022-01-29 17:43:24,734] {processor.py:642} INFO - Processing file /opt/airflow/dags/data_ingestioon_gcs_dag.py for tasks to queue
[2022-01-29 17:43:24,734] {logging_mixin.py:109} INFO - [2022-01-29 17:43:24,734] {dagbag.py:500} INFO - Filling up the DagBag from /opt/airflow/dags/data_ingestioon_gcs_dag.py
[2022-01-29 17:43:25,120] {processor.py:654} INFO - DAG(s) dict_keys(['data_ingestion_gcs_dag']) retrieved from /opt/airflow/dags/data_ingestioon_gcs_dag.py
[2022-01-29 17:43:25,125] {logging_mixin.py:109} INFO - [2022-01-29 17:43:25,124] {dag.py:2396} INFO - Sync 1 DAGs
[2022-01-29 17:43:25,137] {processor.py:171} INFO - Processing /opt/airflow/dags/data_ingestioon_gcs_dag.py took 0.405 seconds
[2022-01-29 17:43:55,201] {processor.py:163} INFO - Started process (PID=3572) to work on /opt/airflow/dags/data_ingestioon_gcs_dag.py
[2022-01-29 17:43:55,201] {processor.py:642} INFO - Processing file /opt/airflow/dags/data_ingestioon_gcs_dag.py for tasks to queue
[2022-01-29 17:43:55,202] {logging_mixin.py:109} INFO - [2022-01-29 17:43:55,202] {dagbag.py:500} INFO - Filling up the DagBag from /opt/airflow/dags/data_ingestioon_gcs_dag.py
[2022-01-29 17:43:55,558] {processor.py:654} INFO - DAG(s) dict_keys(['data_ingestion_gcs_dag']) retrieved from /opt/airflow/dags/data_ingestioon_gcs_dag.py
[2022-01-29 17:43:55,563] {logging_mixin.py:109} INFO - [2022-01-29 17:43:55,563] {dag.py:2396} INFO - Sync 1 DAGs
[2022-01-29 17:43:55,576] {processor.py:171} INFO - Processing /opt/airflow/dags/data_ingestioon_gcs_dag.py took 0.377 seconds
[2022-01-29 17:44:25,644] {processor.py:163} INFO - Started process (PID=3604) to work on /opt/airflow/dags/data_ingestioon_gcs_dag.py
[2022-01-29 17:44:25,645] {processor.py:642} INFO - Processing file /opt/airflow/dags/data_ingestioon_gcs_dag.py for tasks to queue
[2022-01-29 17:44:25,645] {logging_mixin.py:109} INFO - [2022-01-29 17:44:25,645] {dagbag.py:500} INFO - Filling up the DagBag from /opt/airflow/dags/data_ingestioon_gcs_dag.py
[2022-01-29 17:44:26,053] {processor.py:654} INFO - DAG(s) dict_keys(['data_ingestion_gcs_dag']) retrieved from /opt/airflow/dags/data_ingestioon_gcs_dag.py
[2022-01-29 17:44:26,058] {logging_mixin.py:109} INFO - [2022-01-29 17:44:26,058] {dag.py:2396} INFO - Sync 1 DAGs
[2022-01-29 17:44:26,071] {processor.py:171} INFO - Processing /opt/airflow/dags/data_ingestioon_gcs_dag.py took 0.428 seconds
[2022-01-29 17:44:56,136] {processor.py:163} INFO - Started process (PID=3646) to work on /opt/airflow/dags/data_ingestioon_gcs_dag.py
[2022-01-29 17:44:56,136] {processor.py:642} INFO - Processing file /opt/airflow/dags/data_ingestioon_gcs_dag.py for tasks to queue
[2022-01-29 17:44:56,137] {logging_mixin.py:109} INFO - [2022-01-29 17:44:56,137] {dagbag.py:500} INFO - Filling up the DagBag from /opt/airflow/dags/data_ingestioon_gcs_dag.py
[2022-01-29 17:44:56,469] {processor.py:654} INFO - DAG(s) dict_keys(['data_ingestion_gcs_dag']) retrieved from /opt/airflow/dags/data_ingestioon_gcs_dag.py
[2022-01-29 17:44:56,473] {logging_mixin.py:109} INFO - [2022-01-29 17:44:56,473] {dag.py:2396} INFO - Sync 1 DAGs
[2022-01-29 17:44:56,484] {processor.py:171} INFO - Processing /opt/airflow/dags/data_ingestioon_gcs_dag.py took 0.349 seconds
[2022-01-29 17:45:26,548] {processor.py:163} INFO - Started process (PID=3686) to work on /opt/airflow/dags/data_ingestioon_gcs_dag.py
[2022-01-29 17:45:26,549] {processor.py:642} INFO - Processing file /opt/airflow/dags/data_ingestioon_gcs_dag.py for tasks to queue
[2022-01-29 17:45:26,549] {logging_mixin.py:109} INFO - [2022-01-29 17:45:26,549] {dagbag.py:500} INFO - Filling up the DagBag from /opt/airflow/dags/data_ingestioon_gcs_dag.py
[2022-01-29 17:45:26,925] {processor.py:654} INFO - DAG(s) dict_keys(['data_ingestion_gcs_dag']) retrieved from /opt/airflow/dags/data_ingestioon_gcs_dag.py
[2022-01-29 17:45:26,930] {logging_mixin.py:109} INFO - [2022-01-29 17:45:26,930] {dag.py:2396} INFO - Sync 1 DAGs
[2022-01-29 17:45:26,941] {processor.py:171} INFO - Processing /opt/airflow/dags/data_ingestioon_gcs_dag.py took 0.394 seconds
[2022-01-29 17:45:57,008] {processor.py:163} INFO - Started process (PID=3726) to work on /opt/airflow/dags/data_ingestioon_gcs_dag.py
[2022-01-29 17:45:57,009] {processor.py:642} INFO - Processing file /opt/airflow/dags/data_ingestioon_gcs_dag.py for tasks to queue
[2022-01-29 17:45:57,009] {logging_mixin.py:109} INFO - [2022-01-29 17:45:57,009] {dagbag.py:500} INFO - Filling up the DagBag from /opt/airflow/dags/data_ingestioon_gcs_dag.py
[2022-01-29 17:45:57,574] {processor.py:654} INFO - DAG(s) dict_keys(['data_ingestion_gcs_dag']) retrieved from /opt/airflow/dags/data_ingestioon_gcs_dag.py
[2022-01-29 17:45:57,579] {logging_mixin.py:109} INFO - [2022-01-29 17:45:57,579] {dag.py:2396} INFO - Sync 1 DAGs
[2022-01-29 17:45:57,592] {processor.py:171} INFO - Processing /opt/airflow/dags/data_ingestioon_gcs_dag.py took 0.585 seconds
[2022-01-29 17:46:27,674] {processor.py:163} INFO - Started process (PID=3758) to work on /opt/airflow/dags/data_ingestioon_gcs_dag.py
[2022-01-29 17:46:27,675] {processor.py:642} INFO - Processing file /opt/airflow/dags/data_ingestioon_gcs_dag.py for tasks to queue
[2022-01-29 17:46:27,675] {logging_mixin.py:109} INFO - [2022-01-29 17:46:27,675] {dagbag.py:500} INFO - Filling up the DagBag from /opt/airflow/dags/data_ingestioon_gcs_dag.py
[2022-01-29 17:46:28,014] {processor.py:654} INFO - DAG(s) dict_keys(['data_ingestion_gcs_dag']) retrieved from /opt/airflow/dags/data_ingestioon_gcs_dag.py
[2022-01-29 17:46:28,019] {logging_mixin.py:109} INFO - [2022-01-29 17:46:28,018] {dag.py:2396} INFO - Sync 1 DAGs
[2022-01-29 17:46:28,030] {processor.py:171} INFO - Processing /opt/airflow/dags/data_ingestioon_gcs_dag.py took 0.357 seconds
[2022-01-29 17:46:58,097] {processor.py:163} INFO - Started process (PID=3798) to work on /opt/airflow/dags/data_ingestioon_gcs_dag.py
[2022-01-29 17:46:58,098] {processor.py:642} INFO - Processing file /opt/airflow/dags/data_ingestioon_gcs_dag.py for tasks to queue
[2022-01-29 17:46:58,098] {logging_mixin.py:109} INFO - [2022-01-29 17:46:58,098] {dagbag.py:500} INFO - Filling up the DagBag from /opt/airflow/dags/data_ingestioon_gcs_dag.py
[2022-01-29 17:46:58,440] {processor.py:654} INFO - DAG(s) dict_keys(['data_ingestion_gcs_dag']) retrieved from /opt/airflow/dags/data_ingestioon_gcs_dag.py
[2022-01-29 17:46:58,444] {logging_mixin.py:109} INFO - [2022-01-29 17:46:58,444] {dag.py:2396} INFO - Sync 1 DAGs
[2022-01-29 17:46:58,451] {logging_mixin.py:109} INFO - [2022-01-29 17:46:58,451] {dag.py:2935} INFO - Setting next_dagrun for data_ingestion_gcs_dag to 2022-01-29T00:00:00+00:00
[2022-01-29 17:46:58,456] {processor.py:171} INFO - Processing /opt/airflow/dags/data_ingestioon_gcs_dag.py took 0.361 seconds
[2022-01-29 17:47:28,526] {processor.py:163} INFO - Started process (PID=3839) to work on /opt/airflow/dags/data_ingestioon_gcs_dag.py
[2022-01-29 17:47:28,527] {processor.py:642} INFO - Processing file /opt/airflow/dags/data_ingestioon_gcs_dag.py for tasks to queue
[2022-01-29 17:47:28,527] {logging_mixin.py:109} INFO - [2022-01-29 17:47:28,527] {dagbag.py:500} INFO - Filling up the DagBag from /opt/airflow/dags/data_ingestioon_gcs_dag.py
[2022-01-29 17:47:28,914] {processor.py:654} INFO - DAG(s) dict_keys(['data_ingestion_gcs_dag']) retrieved from /opt/airflow/dags/data_ingestioon_gcs_dag.py
[2022-01-29 17:47:28,919] {logging_mixin.py:109} INFO - [2022-01-29 17:47:28,919] {dag.py:2396} INFO - Sync 1 DAGs
[2022-01-29 17:47:28,926] {logging_mixin.py:109} INFO - [2022-01-29 17:47:28,926] {dag.py:2935} INFO - Setting next_dagrun for data_ingestion_gcs_dag to 2022-01-29T00:00:00+00:00
[2022-01-29 17:47:28,931] {processor.py:171} INFO - Processing /opt/airflow/dags/data_ingestioon_gcs_dag.py took 0.406 seconds
[2022-01-29 17:47:59,013] {processor.py:163} INFO - Started process (PID=3871) to work on /opt/airflow/dags/data_ingestioon_gcs_dag.py
[2022-01-29 17:47:59,014] {processor.py:642} INFO - Processing file /opt/airflow/dags/data_ingestioon_gcs_dag.py for tasks to queue
[2022-01-29 17:47:59,014] {logging_mixin.py:109} INFO - [2022-01-29 17:47:59,014] {dagbag.py:500} INFO - Filling up the DagBag from /opt/airflow/dags/data_ingestioon_gcs_dag.py
[2022-01-29 17:47:59,383] {processor.py:654} INFO - DAG(s) dict_keys(['data_ingestion_gcs_dag']) retrieved from /opt/airflow/dags/data_ingestioon_gcs_dag.py
[2022-01-29 17:47:59,388] {logging_mixin.py:109} INFO - [2022-01-29 17:47:59,387] {dag.py:2396} INFO - Sync 1 DAGs
[2022-01-29 17:47:59,395] {logging_mixin.py:109} INFO - [2022-01-29 17:47:59,395] {dag.py:2935} INFO - Setting next_dagrun for data_ingestion_gcs_dag to 2022-01-29T00:00:00+00:00
[2022-01-29 17:47:59,400] {processor.py:171} INFO - Processing /opt/airflow/dags/data_ingestioon_gcs_dag.py took 0.388 seconds
[2022-01-29 17:48:29,465] {processor.py:163} INFO - Started process (PID=3913) to work on /opt/airflow/dags/data_ingestioon_gcs_dag.py
[2022-01-29 17:48:29,466] {processor.py:642} INFO - Processing file /opt/airflow/dags/data_ingestioon_gcs_dag.py for tasks to queue
[2022-01-29 17:48:29,466] {logging_mixin.py:109} INFO - [2022-01-29 17:48:29,466] {dagbag.py:500} INFO - Filling up the DagBag from /opt/airflow/dags/data_ingestioon_gcs_dag.py
[2022-01-29 17:48:29,806] {processor.py:654} INFO - DAG(s) dict_keys(['data_ingestion_gcs_dag']) retrieved from /opt/airflow/dags/data_ingestioon_gcs_dag.py
[2022-01-29 17:48:29,810] {logging_mixin.py:109} INFO - [2022-01-29 17:48:29,810] {dag.py:2396} INFO - Sync 1 DAGs
[2022-01-29 17:48:29,817] {logging_mixin.py:109} INFO - [2022-01-29 17:48:29,817] {dag.py:2935} INFO - Setting next_dagrun for data_ingestion_gcs_dag to 2022-01-29T00:00:00+00:00
[2022-01-29 17:48:29,823] {processor.py:171} INFO - Processing /opt/airflow/dags/data_ingestioon_gcs_dag.py took 0.359 seconds
[2022-01-29 17:48:59,890] {processor.py:163} INFO - Started process (PID=3954) to work on /opt/airflow/dags/data_ingestioon_gcs_dag.py
[2022-01-29 17:48:59,890] {processor.py:642} INFO - Processing file /opt/airflow/dags/data_ingestioon_gcs_dag.py for tasks to queue
[2022-01-29 17:48:59,891] {logging_mixin.py:109} INFO - [2022-01-29 17:48:59,891] {dagbag.py:500} INFO - Filling up the DagBag from /opt/airflow/dags/data_ingestioon_gcs_dag.py
[2022-01-29 17:49:00,268] {processor.py:654} INFO - DAG(s) dict_keys(['data_ingestion_gcs_dag']) retrieved from /opt/airflow/dags/data_ingestioon_gcs_dag.py
[2022-01-29 17:49:00,273] {logging_mixin.py:109} INFO - [2022-01-29 17:49:00,273] {dag.py:2396} INFO - Sync 1 DAGs
[2022-01-29 17:49:00,280] {logging_mixin.py:109} INFO - [2022-01-29 17:49:00,280] {dag.py:2935} INFO - Setting next_dagrun for data_ingestion_gcs_dag to 2022-01-29T00:00:00+00:00
[2022-01-29 17:49:00,286] {processor.py:171} INFO - Processing /opt/airflow/dags/data_ingestioon_gcs_dag.py took 0.397 seconds
[2022-01-29 17:49:30,354] {processor.py:163} INFO - Started process (PID=3994) to work on /opt/airflow/dags/data_ingestioon_gcs_dag.py
[2022-01-29 17:49:30,354] {processor.py:642} INFO - Processing file /opt/airflow/dags/data_ingestioon_gcs_dag.py for tasks to queue
[2022-01-29 17:49:30,355] {logging_mixin.py:109} INFO - [2022-01-29 17:49:30,355] {dagbag.py:500} INFO - Filling up the DagBag from /opt/airflow/dags/data_ingestioon_gcs_dag.py
[2022-01-29 17:49:30,715] {processor.py:654} INFO - DAG(s) dict_keys(['data_ingestion_gcs_dag']) retrieved from /opt/airflow/dags/data_ingestioon_gcs_dag.py
[2022-01-29 17:49:30,719] {logging_mixin.py:109} INFO - [2022-01-29 17:49:30,719] {dag.py:2396} INFO - Sync 1 DAGs
[2022-01-29 17:49:30,726] {logging_mixin.py:109} INFO - [2022-01-29 17:49:30,726] {dag.py:2935} INFO - Setting next_dagrun for data_ingestion_gcs_dag to 2022-01-29T00:00:00+00:00
[2022-01-29 17:49:30,731] {processor.py:171} INFO - Processing /opt/airflow/dags/data_ingestioon_gcs_dag.py took 0.379 seconds
[2022-01-29 17:50:00,796] {processor.py:163} INFO - Started process (PID=4026) to work on /opt/airflow/dags/data_ingestioon_gcs_dag.py
[2022-01-29 17:50:00,797] {processor.py:642} INFO - Processing file /opt/airflow/dags/data_ingestioon_gcs_dag.py for tasks to queue
[2022-01-29 17:50:00,797] {logging_mixin.py:109} INFO - [2022-01-29 17:50:00,797] {dagbag.py:500} INFO - Filling up the DagBag from /opt/airflow/dags/data_ingestioon_gcs_dag.py
[2022-01-29 17:50:01,137] {processor.py:654} INFO - DAG(s) dict_keys(['data_ingestion_gcs_dag']) retrieved from /opt/airflow/dags/data_ingestioon_gcs_dag.py
[2022-01-29 17:50:01,142] {logging_mixin.py:109} INFO - [2022-01-29 17:50:01,141] {dag.py:2396} INFO - Sync 1 DAGs
[2022-01-29 17:50:01,149] {logging_mixin.py:109} INFO - [2022-01-29 17:50:01,149] {dag.py:2935} INFO - Setting next_dagrun for data_ingestion_gcs_dag to 2022-01-29T00:00:00+00:00
[2022-01-29 17:50:01,154] {processor.py:171} INFO - Processing /opt/airflow/dags/data_ingestioon_gcs_dag.py took 0.359 seconds
[2022-01-29 17:50:31,223] {processor.py:163} INFO - Started process (PID=4068) to work on /opt/airflow/dags/data_ingestioon_gcs_dag.py
[2022-01-29 17:50:31,224] {processor.py:642} INFO - Processing file /opt/airflow/dags/data_ingestioon_gcs_dag.py for tasks to queue
[2022-01-29 17:50:31,224] {logging_mixin.py:109} INFO - [2022-01-29 17:50:31,224] {dagbag.py:500} INFO - Filling up the DagBag from /opt/airflow/dags/data_ingestioon_gcs_dag.py
[2022-01-29 17:50:31,566] {processor.py:654} INFO - DAG(s) dict_keys(['data_ingestion_gcs_dag']) retrieved from /opt/airflow/dags/data_ingestioon_gcs_dag.py
[2022-01-29 17:50:31,570] {logging_mixin.py:109} INFO - [2022-01-29 17:50:31,570] {dag.py:2396} INFO - Sync 1 DAGs
[2022-01-29 17:50:31,578] {logging_mixin.py:109} INFO - [2022-01-29 17:50:31,577] {dag.py:2935} INFO - Setting next_dagrun for data_ingestion_gcs_dag to 2022-01-29T00:00:00+00:00
[2022-01-29 17:50:31,584] {processor.py:171} INFO - Processing /opt/airflow/dags/data_ingestioon_gcs_dag.py took 0.362 seconds
[2022-01-29 17:51:01,653] {processor.py:163} INFO - Started process (PID=4110) to work on /opt/airflow/dags/data_ingestioon_gcs_dag.py
[2022-01-29 17:51:01,654] {processor.py:642} INFO - Processing file /opt/airflow/dags/data_ingestioon_gcs_dag.py for tasks to queue
[2022-01-29 17:51:01,654] {logging_mixin.py:109} INFO - [2022-01-29 17:51:01,654] {dagbag.py:500} INFO - Filling up the DagBag from /opt/airflow/dags/data_ingestioon_gcs_dag.py
[2022-01-29 17:51:02,024] {processor.py:654} INFO - DAG(s) dict_keys(['data_ingestion_gcs_dag']) retrieved from /opt/airflow/dags/data_ingestioon_gcs_dag.py
[2022-01-29 17:51:02,029] {logging_mixin.py:109} INFO - [2022-01-29 17:51:02,029] {dag.py:2396} INFO - Sync 1 DAGs
[2022-01-29 17:51:02,037] {logging_mixin.py:109} INFO - [2022-01-29 17:51:02,037] {dag.py:2935} INFO - Setting next_dagrun for data_ingestion_gcs_dag to 2022-01-29T00:00:00+00:00
[2022-01-29 17:51:02,044] {processor.py:171} INFO - Processing /opt/airflow/dags/data_ingestioon_gcs_dag.py took 0.392 seconds
[2022-01-29 17:51:32,113] {processor.py:163} INFO - Started process (PID=4142) to work on /opt/airflow/dags/data_ingestioon_gcs_dag.py
[2022-01-29 17:51:32,113] {processor.py:642} INFO - Processing file /opt/airflow/dags/data_ingestioon_gcs_dag.py for tasks to queue
[2022-01-29 17:51:32,114] {logging_mixin.py:109} INFO - [2022-01-29 17:51:32,114] {dagbag.py:500} INFO - Filling up the DagBag from /opt/airflow/dags/data_ingestioon_gcs_dag.py
[2022-01-29 17:51:32,528] {processor.py:654} INFO - DAG(s) dict_keys(['data_ingestion_gcs_dag']) retrieved from /opt/airflow/dags/data_ingestioon_gcs_dag.py
[2022-01-29 17:51:32,533] {logging_mixin.py:109} INFO - [2022-01-29 17:51:32,532] {dag.py:2396} INFO - Sync 1 DAGs
[2022-01-29 17:51:32,540] {logging_mixin.py:109} INFO - [2022-01-29 17:51:32,540] {dag.py:2935} INFO - Setting next_dagrun for data_ingestion_gcs_dag to 2022-01-29T00:00:00+00:00
[2022-01-29 17:51:32,546] {processor.py:171} INFO - Processing /opt/airflow/dags/data_ingestioon_gcs_dag.py took 0.435 seconds
[2022-01-29 17:52:02,615] {processor.py:163} INFO - Started process (PID=4182) to work on /opt/airflow/dags/data_ingestioon_gcs_dag.py
[2022-01-29 17:52:02,616] {processor.py:642} INFO - Processing file /opt/airflow/dags/data_ingestioon_gcs_dag.py for tasks to queue
[2022-01-29 17:52:02,616] {logging_mixin.py:109} INFO - [2022-01-29 17:52:02,616] {dagbag.py:500} INFO - Filling up the DagBag from /opt/airflow/dags/data_ingestioon_gcs_dag.py
[2022-01-29 17:52:02,954] {processor.py:654} INFO - DAG(s) dict_keys(['data_ingestion_gcs_dag']) retrieved from /opt/airflow/dags/data_ingestioon_gcs_dag.py
[2022-01-29 17:52:02,959] {logging_mixin.py:109} INFO - [2022-01-29 17:52:02,959] {dag.py:2396} INFO - Sync 1 DAGs
[2022-01-29 17:52:02,967] {logging_mixin.py:109} INFO - [2022-01-29 17:52:02,967] {dag.py:2935} INFO - Setting next_dagrun for data_ingestion_gcs_dag to 2022-01-29T00:00:00+00:00
[2022-01-29 17:52:02,972] {processor.py:171} INFO - Processing /opt/airflow/dags/data_ingestioon_gcs_dag.py took 0.358 seconds
[2022-01-29 17:52:33,053] {processor.py:163} INFO - Started process (PID=4222) to work on /opt/airflow/dags/data_ingestioon_gcs_dag.py
[2022-01-29 17:52:33,053] {processor.py:642} INFO - Processing file /opt/airflow/dags/data_ingestioon_gcs_dag.py for tasks to queue
[2022-01-29 17:52:33,054] {logging_mixin.py:109} INFO - [2022-01-29 17:52:33,053] {dagbag.py:500} INFO - Filling up the DagBag from /opt/airflow/dags/data_ingestioon_gcs_dag.py
[2022-01-29 17:52:33,399] {processor.py:654} INFO - DAG(s) dict_keys(['data_ingestion_gcs_dag']) retrieved from /opt/airflow/dags/data_ingestioon_gcs_dag.py
[2022-01-29 17:52:33,403] {logging_mixin.py:109} INFO - [2022-01-29 17:52:33,403] {dag.py:2396} INFO - Sync 1 DAGs
[2022-01-29 17:52:33,411] {logging_mixin.py:109} INFO - [2022-01-29 17:52:33,411] {dag.py:2935} INFO - Setting next_dagrun for data_ingestion_gcs_dag to 2022-01-29T00:00:00+00:00
[2022-01-29 17:52:33,416] {processor.py:171} INFO - Processing /opt/airflow/dags/data_ingestioon_gcs_dag.py took 0.365 seconds
[2022-01-29 17:53:03,484] {processor.py:163} INFO - Started process (PID=4264) to work on /opt/airflow/dags/data_ingestioon_gcs_dag.py
[2022-01-29 17:53:03,485] {processor.py:642} INFO - Processing file /opt/airflow/dags/data_ingestioon_gcs_dag.py for tasks to queue
[2022-01-29 17:53:03,485] {logging_mixin.py:109} INFO - [2022-01-29 17:53:03,485] {dagbag.py:500} INFO - Filling up the DagBag from /opt/airflow/dags/data_ingestioon_gcs_dag.py
[2022-01-29 17:53:03,869] {processor.py:654} INFO - DAG(s) dict_keys(['data_ingestion_gcs_dag']) retrieved from /opt/airflow/dags/data_ingestioon_gcs_dag.py
[2022-01-29 17:53:03,873] {logging_mixin.py:109} INFO - [2022-01-29 17:53:03,873] {dag.py:2396} INFO - Sync 1 DAGs
[2022-01-29 17:53:03,882] {logging_mixin.py:109} INFO - [2022-01-29 17:53:03,882] {dag.py:2935} INFO - Setting next_dagrun for data_ingestion_gcs_dag to 2022-01-29T00:00:00+00:00
[2022-01-29 17:53:03,887] {processor.py:171} INFO - Processing /opt/airflow/dags/data_ingestioon_gcs_dag.py took 0.405 seconds
[2022-01-29 17:53:33,955] {processor.py:163} INFO - Started process (PID=4296) to work on /opt/airflow/dags/data_ingestioon_gcs_dag.py
[2022-01-29 17:53:33,956] {processor.py:642} INFO - Processing file /opt/airflow/dags/data_ingestioon_gcs_dag.py for tasks to queue
[2022-01-29 17:53:33,956] {logging_mixin.py:109} INFO - [2022-01-29 17:53:33,956] {dagbag.py:500} INFO - Filling up the DagBag from /opt/airflow/dags/data_ingestioon_gcs_dag.py
[2022-01-29 17:53:34,324] {processor.py:654} INFO - DAG(s) dict_keys(['data_ingestion_gcs_dag']) retrieved from /opt/airflow/dags/data_ingestioon_gcs_dag.py
[2022-01-29 17:53:34,328] {logging_mixin.py:109} INFO - [2022-01-29 17:53:34,328] {dag.py:2396} INFO - Sync 1 DAGs
[2022-01-29 17:53:34,336] {logging_mixin.py:109} INFO - [2022-01-29 17:53:34,336] {dag.py:2935} INFO - Setting next_dagrun for data_ingestion_gcs_dag to 2022-01-29T00:00:00+00:00
[2022-01-29 17:53:34,341] {processor.py:171} INFO - Processing /opt/airflow/dags/data_ingestioon_gcs_dag.py took 0.388 seconds
[2022-01-29 17:54:04,406] {processor.py:163} INFO - Started process (PID=4337) to work on /opt/airflow/dags/data_ingestioon_gcs_dag.py
[2022-01-29 17:54:04,406] {processor.py:642} INFO - Processing file /opt/airflow/dags/data_ingestioon_gcs_dag.py for tasks to queue
[2022-01-29 17:54:04,407] {logging_mixin.py:109} INFO - [2022-01-29 17:54:04,406] {dagbag.py:500} INFO - Filling up the DagBag from /opt/airflow/dags/data_ingestioon_gcs_dag.py
[2022-01-29 17:54:04,774] {processor.py:654} INFO - DAG(s) dict_keys(['data_ingestion_gcs_dag']) retrieved from /opt/airflow/dags/data_ingestioon_gcs_dag.py
[2022-01-29 17:54:04,778] {logging_mixin.py:109} INFO - [2022-01-29 17:54:04,778] {dag.py:2396} INFO - Sync 1 DAGs
[2022-01-29 17:54:04,787] {logging_mixin.py:109} INFO - [2022-01-29 17:54:04,787] {dag.py:2935} INFO - Setting next_dagrun for data_ingestion_gcs_dag to 2022-01-29T00:00:00+00:00
[2022-01-29 17:54:04,792] {processor.py:171} INFO - Processing /opt/airflow/dags/data_ingestioon_gcs_dag.py took 0.388 seconds
[2022-01-29 17:54:34,860] {processor.py:163} INFO - Started process (PID=4378) to work on /opt/airflow/dags/data_ingestioon_gcs_dag.py
[2022-01-29 17:54:34,860] {processor.py:642} INFO - Processing file /opt/airflow/dags/data_ingestioon_gcs_dag.py for tasks to queue
[2022-01-29 17:54:34,861] {logging_mixin.py:109} INFO - [2022-01-29 17:54:34,861] {dagbag.py:500} INFO - Filling up the DagBag from /opt/airflow/dags/data_ingestioon_gcs_dag.py
[2022-01-29 17:54:35,194] {processor.py:654} INFO - DAG(s) dict_keys(['data_ingestion_gcs_dag']) retrieved from /opt/airflow/dags/data_ingestioon_gcs_dag.py
[2022-01-29 17:54:35,199] {logging_mixin.py:109} INFO - [2022-01-29 17:54:35,199] {dag.py:2396} INFO - Sync 1 DAGs
[2022-01-29 17:54:35,206] {logging_mixin.py:109} INFO - [2022-01-29 17:54:35,206] {dag.py:2935} INFO - Setting next_dagrun for data_ingestion_gcs_dag to 2022-01-29T00:00:00+00:00
[2022-01-29 17:54:35,211] {processor.py:171} INFO - Processing /opt/airflow/dags/data_ingestioon_gcs_dag.py took 0.353 seconds
