[2022-01-29 17:46:19,060] {taskinstance.py:1032} INFO - Dependencies all met for <TaskInstance: data_ingestion_gcs_dag.local_to_gcs_task manual__2022-01-29T17:43:05.464524+00:00 [queued]>
[2022-01-29 17:46:19,066] {taskinstance.py:1032} INFO - Dependencies all met for <TaskInstance: data_ingestion_gcs_dag.local_to_gcs_task manual__2022-01-29T17:43:05.464524+00:00 [queued]>
[2022-01-29 17:46:19,066] {taskinstance.py:1238} INFO - 
--------------------------------------------------------------------------------
[2022-01-29 17:46:19,066] {taskinstance.py:1239} INFO - Starting attempt 1 of 2
[2022-01-29 17:46:19,066] {taskinstance.py:1240} INFO - 
--------------------------------------------------------------------------------
[2022-01-29 17:46:19,073] {taskinstance.py:1259} INFO - Executing <Task(PythonOperator): local_to_gcs_task> on 2022-01-29 17:43:05.464524+00:00
[2022-01-29 17:46:19,075] {standard_task_runner.py:52} INFO - Started process 2997 to run task
[2022-01-29 17:46:19,077] {standard_task_runner.py:76} INFO - Running: ['***', 'tasks', 'run', 'data_ingestion_gcs_dag', 'local_to_gcs_task', 'manual__2022-01-29T17:43:05.464524+00:00', '--job-id', '13', '--raw', '--subdir', 'DAGS_FOLDER/data_ingestioon_gcs_dag.py', '--cfg-path', '/tmp/tmptzasetty', '--error-file', '/tmp/tmpawtvlc4r']
[2022-01-29 17:46:19,077] {standard_task_runner.py:77} INFO - Job 13: Subtask local_to_gcs_task
[2022-01-29 17:46:19,103] {logging_mixin.py:109} INFO - Running <TaskInstance: data_ingestion_gcs_dag.local_to_gcs_task manual__2022-01-29T17:43:05.464524+00:00 [running]> on host b7246ecc46cf
[2022-01-29 17:46:19,128] {taskinstance.py:1426} INFO - Exporting the following env vars:
AIRFLOW_CTX_DAG_OWNER=***
AIRFLOW_CTX_DAG_ID=data_ingestion_gcs_dag
AIRFLOW_CTX_TASK_ID=local_to_gcs_task
AIRFLOW_CTX_EXECUTION_DATE=2022-01-29T17:43:05.464524+00:00
AIRFLOW_CTX_DAG_RUN_ID=manual__2022-01-29T17:43:05.464524+00:00
[2022-01-29 17:46:39,048] {python.py:175} INFO - Done. Returned value was: None
[2022-01-29 17:46:39,054] {taskinstance.py:1277} INFO - Marking task as SUCCESS. dag_id=data_ingestion_gcs_dag, task_id=local_to_gcs_task, execution_date=20220129T174305, start_date=20220129T174619, end_date=20220129T174639
[2022-01-29 17:46:39,089] {local_task_job.py:154} INFO - Task exited with return code 0
[2022-01-29 17:46:39,104] {local_task_job.py:264} INFO - 1 downstream tasks scheduled from follow-on schedule check
