[2022-01-29 17:46:39,716] {taskinstance.py:1032} INFO - Dependencies all met for <TaskInstance: data_ingestion_gcs_dag.bigquery_external_table_task manual__2022-01-29T17:43:05.464524+00:00 [queued]>
[2022-01-29 17:46:39,721] {taskinstance.py:1032} INFO - Dependencies all met for <TaskInstance: data_ingestion_gcs_dag.bigquery_external_table_task manual__2022-01-29T17:43:05.464524+00:00 [queued]>
[2022-01-29 17:46:39,721] {taskinstance.py:1238} INFO - 
--------------------------------------------------------------------------------
[2022-01-29 17:46:39,721] {taskinstance.py:1239} INFO - Starting attempt 1 of 2
[2022-01-29 17:46:39,721] {taskinstance.py:1240} INFO - 
--------------------------------------------------------------------------------
[2022-01-29 17:46:39,727] {taskinstance.py:1259} INFO - Executing <Task(BigQueryCreateExternalTableOperator): bigquery_external_table_task> on 2022-01-29 17:43:05.464524+00:00
[2022-01-29 17:46:39,730] {standard_task_runner.py:52} INFO - Started process 3018 to run task
[2022-01-29 17:46:39,731] {standard_task_runner.py:76} INFO - Running: ['***', 'tasks', 'run', 'data_ingestion_gcs_dag', 'bigquery_external_table_task', 'manual__2022-01-29T17:43:05.464524+00:00', '--job-id', '14', '--raw', '--subdir', 'DAGS_FOLDER/data_ingestioon_gcs_dag.py', '--cfg-path', '/tmp/tmpfuiehx12', '--error-file', '/tmp/tmpwa2s_m3t']
[2022-01-29 17:46:39,732] {standard_task_runner.py:77} INFO - Job 14: Subtask bigquery_external_table_task
[2022-01-29 17:46:39,755] {logging_mixin.py:109} INFO - Running <TaskInstance: data_ingestion_gcs_dag.bigquery_external_table_task manual__2022-01-29T17:43:05.464524+00:00 [running]> on host b7246ecc46cf
[2022-01-29 17:46:39,779] {taskinstance.py:1426} INFO - Exporting the following env vars:
AIRFLOW_CTX_DAG_OWNER=***
AIRFLOW_CTX_DAG_ID=data_ingestion_gcs_dag
AIRFLOW_CTX_TASK_ID=bigquery_external_table_task
AIRFLOW_CTX_EXECUTION_DATE=2022-01-29T17:43:05.464524+00:00
AIRFLOW_CTX_DAG_RUN_ID=manual__2022-01-29T17:43:05.464524+00:00
[2022-01-29 17:46:39,780] {crypto.py:82} WARNING - empty cryptography key - values will not be stored encrypted.
[2022-01-29 17:46:41,669] {taskinstance.py:1277} INFO - Marking task as SUCCESS. dag_id=data_ingestion_gcs_dag, task_id=bigquery_external_table_task, execution_date=20220129T174305, start_date=20220129T174639, end_date=20220129T174641
[2022-01-29 17:46:41,707] {local_task_job.py:154} INFO - Task exited with return code 0
[2022-01-29 17:46:41,723] {local_task_job.py:264} INFO - 0 downstream tasks scheduled from follow-on schedule check
